[0.814s] DEBUG:colcon:Command line arguments: ['/usr/bin/colcon', 'build']
[0.814s] DEBUG:colcon:Parsed command line arguments: Namespace(allow_overriding=[], ament_cmake_args=None, base_paths=['.'], build_base='build', catkin_cmake_args=None, catkin_skip_building_tests=False, cmake_args=None, cmake_clean_cache=False, cmake_clean_first=False, cmake_force_configure=False, cmake_target=None, cmake_target_skip_unavailable=False, continue_on_error=False, event_handlers=None, executor='parallel', ignore_user_meta=False, install_base='install', log_base=None, log_level=None, main=<bound method BuildVerb.main of <colcon_core.verb.build.BuildVerb object at 0x7fbe99804b20>>, merge_install=False, metas=['./colcon.meta'], packages_above=None, packages_above_and_dependencies=None, packages_above_depth=None, packages_end=None, packages_ignore=None, packages_ignore_regex=None, packages_select=None, packages_select_build_failed=False, packages_select_by_dep=None, packages_select_regex=None, packages_select_test_failures=False, packages_skip=None, packages_skip_build_finished=False, packages_skip_by_dep=None, packages_skip_regex=None, packages_skip_test_passed=False, packages_skip_up_to=None, packages_start=None, packages_up_to=None, packages_up_to_regex=None, parallel_workers=8, paths=None, symlink_install=False, test_result_base=None, verb_extension=<colcon_core.verb.build.BuildVerb object at 0x7fbe99804b20>, verb_name='build', verb_parser=<colcon_defaults.argument_parser.defaults.DefaultArgumentsDecorator object at 0x7fbe99817040>)
[1.081s] Level 1:colcon.colcon_core.package_discovery:discover_packages(colcon_meta) check parameters
[1.081s] Level 1:colcon.colcon_core.package_discovery:discover_packages(recursive) check parameters
[1.081s] Level 1:colcon.colcon_core.package_discovery:discover_packages(ignore) check parameters
[1.081s] Level 1:colcon.colcon_core.package_discovery:discover_packages(path) check parameters
[1.081s] Level 1:colcon.colcon_core.package_discovery:discover_packages(colcon_meta) discover
[1.081s] Level 1:colcon.colcon_core.package_discovery:discover_packages(recursive) discover
[1.082s] INFO:colcon.colcon_core.package_discovery:Crawling recursively for packages in '/home/lyb/Desktop/dev_ws'
[1.082s] Level 1:colcon.colcon_core.package_identification:_identify(.) by extensions ['ignore', 'ignore_ament_install']
[1.082s] Level 1:colcon.colcon_core.package_identification:_identify(.) by extension 'ignore'
[1.082s] Level 1:colcon.colcon_core.package_identification:_identify(.) by extension 'ignore_ament_install'
[1.082s] Level 1:colcon.colcon_core.package_identification:_identify(.) by extensions ['colcon_pkg']
[1.082s] Level 1:colcon.colcon_core.package_identification:_identify(.) by extension 'colcon_pkg'
[1.082s] Level 1:colcon.colcon_core.package_identification:_identify(.) by extensions ['colcon_meta']
[1.082s] Level 1:colcon.colcon_core.package_identification:_identify(.) by extension 'colcon_meta'
[1.082s] Level 1:colcon.colcon_core.package_identification:_identify(.) by extensions ['ros']
[1.082s] Level 1:colcon.colcon_core.package_identification:_identify(.) by extension 'ros'
[1.111s] Level 1:colcon.colcon_core.package_identification:_identify(.) by extensions ['cmake', 'python']
[1.112s] Level 1:colcon.colcon_core.package_identification:_identify(.) by extension 'cmake'
[1.112s] Level 1:colcon.colcon_core.package_identification:_identify(.) by extension 'python'
[1.112s] Level 1:colcon.colcon_core.package_identification:_identify(.) by extensions ['python_setup_py']
[1.112s] Level 1:colcon.colcon_core.package_identification:_identify(.) by extension 'python_setup_py'
[1.112s] Level 1:colcon.colcon_core.package_identification:_identify(build) by extensions ['ignore', 'ignore_ament_install']
[1.112s] Level 1:colcon.colcon_core.package_identification:_identify(build) by extension 'ignore'
[1.112s] Level 1:colcon.colcon_core.package_identification:_identify(build) ignored
[1.113s] Level 1:colcon.colcon_core.package_identification:_identify(install) by extensions ['ignore', 'ignore_ament_install']
[1.113s] Level 1:colcon.colcon_core.package_identification:_identify(install) by extension 'ignore'
[1.113s] Level 1:colcon.colcon_core.package_identification:_identify(install) ignored
[1.113s] Level 1:colcon.colcon_core.package_identification:_identify(log) by extensions ['ignore', 'ignore_ament_install']
[1.113s] Level 1:colcon.colcon_core.package_identification:_identify(log) by extension 'ignore'
[1.114s] Level 1:colcon.colcon_core.package_identification:_identify(log) ignored
[1.114s] Level 1:colcon.colcon_core.package_identification:_identify(src) by extensions ['ignore', 'ignore_ament_install']
[1.114s] Level 1:colcon.colcon_core.package_identification:_identify(src) by extension 'ignore'
[1.114s] Level 1:colcon.colcon_core.package_identification:_identify(src) by extension 'ignore_ament_install'
[1.114s] Level 1:colcon.colcon_core.package_identification:_identify(src) by extensions ['colcon_pkg']
[1.114s] Level 1:colcon.colcon_core.package_identification:_identify(src) by extension 'colcon_pkg'
[1.114s] Level 1:colcon.colcon_core.package_identification:_identify(src) by extensions ['colcon_meta']
[1.114s] Level 1:colcon.colcon_core.package_identification:_identify(src) by extension 'colcon_meta'
[1.114s] Level 1:colcon.colcon_core.package_identification:_identify(src) by extensions ['ros']
[1.114s] Level 1:colcon.colcon_core.package_identification:_identify(src) by extension 'ros'
[1.114s] Level 1:colcon.colcon_core.package_identification:_identify(src) by extensions ['cmake', 'python']
[1.115s] Level 1:colcon.colcon_core.package_identification:_identify(src) by extension 'cmake'
[1.115s] Level 1:colcon.colcon_core.package_identification:_identify(src) by extension 'python'
[1.115s] Level 1:colcon.colcon_core.package_identification:_identify(src) by extensions ['python_setup_py']
[1.115s] Level 1:colcon.colcon_core.package_identification:_identify(src) by extension 'python_setup_py'
[1.115s] Level 1:colcon.colcon_core.package_identification:_identify(src/build) by extensions ['ignore', 'ignore_ament_install']
[1.115s] Level 1:colcon.colcon_core.package_identification:_identify(src/build) by extension 'ignore'
[1.115s] Level 1:colcon.colcon_core.package_identification:_identify(src/build) ignored
[1.116s] Level 1:colcon.colcon_core.package_identification:_identify(src/install) by extensions ['ignore', 'ignore_ament_install']
[1.116s] Level 1:colcon.colcon_core.package_identification:_identify(src/install) by extension 'ignore'
[1.116s] Level 1:colcon.colcon_core.package_identification:_identify(src/install) ignored
[1.116s] Level 1:colcon.colcon_core.package_identification:_identify(src/joy_to_can) by extensions ['ignore', 'ignore_ament_install']
[1.116s] Level 1:colcon.colcon_core.package_identification:_identify(src/joy_to_can) by extension 'ignore'
[1.116s] Level 1:colcon.colcon_core.package_identification:_identify(src/joy_to_can) by extension 'ignore_ament_install'
[1.116s] Level 1:colcon.colcon_core.package_identification:_identify(src/joy_to_can) by extensions ['colcon_pkg']
[1.116s] Level 1:colcon.colcon_core.package_identification:_identify(src/joy_to_can) by extension 'colcon_pkg'
[1.116s] Level 1:colcon.colcon_core.package_identification:_identify(src/joy_to_can) by extensions ['colcon_meta']
[1.116s] Level 1:colcon.colcon_core.package_identification:_identify(src/joy_to_can) by extension 'colcon_meta'
[1.116s] Level 1:colcon.colcon_core.package_identification:_identify(src/joy_to_can) by extensions ['ros']
[1.116s] Level 1:colcon.colcon_core.package_identification:_identify(src/joy_to_can) by extension 'ros'
[1.122s] DEBUG:colcon.colcon_core.package_identification:Package 'src/joy_to_can' with type 'ros.ament_cmake' and name 'joy_to_can'
[1.123s] Level 1:colcon.colcon_core.package_identification:_identify(src/log) by extensions ['ignore', 'ignore_ament_install']
[1.123s] Level 1:colcon.colcon_core.package_identification:_identify(src/log) by extension 'ignore'
[1.123s] Level 1:colcon.colcon_core.package_identification:_identify(src/log) ignored
[1.123s] Level 1:colcon.colcon_core.package_identification:_identify(src/ps_controller) by extensions ['ignore', 'ignore_ament_install']
[1.123s] Level 1:colcon.colcon_core.package_identification:_identify(src/ps_controller) by extension 'ignore'
[1.124s] Level 1:colcon.colcon_core.package_identification:_identify(src/ps_controller) by extension 'ignore_ament_install'
[1.124s] Level 1:colcon.colcon_core.package_identification:_identify(src/ps_controller) by extensions ['colcon_pkg']
[1.124s] Level 1:colcon.colcon_core.package_identification:_identify(src/ps_controller) by extension 'colcon_pkg'
[1.124s] Level 1:colcon.colcon_core.package_identification:_identify(src/ps_controller) by extensions ['colcon_meta']
[1.124s] Level 1:colcon.colcon_core.package_identification:_identify(src/ps_controller) by extension 'colcon_meta'
[1.124s] Level 1:colcon.colcon_core.package_identification:_identify(src/ps_controller) by extensions ['ros']
[1.124s] Level 1:colcon.colcon_core.package_identification:_identify(src/ps_controller) by extension 'ros'
[1.126s] DEBUG:colcon.colcon_core.package_identification:Package 'src/ps_controller' with type 'ros.ament_cmake' and name 'ps_controller'
[1.126s] Level 1:colcon.colcon_core.package_discovery:discover_packages(recursive) using defaults
[1.126s] Level 1:colcon.colcon_core.package_discovery:discover_packages(ignore) discover
[1.126s] Level 1:colcon.colcon_core.package_discovery:discover_packages(ignore) using defaults
[1.126s] Level 1:colcon.colcon_core.package_discovery:discover_packages(path) discover
[1.126s] Level 1:colcon.colcon_core.package_discovery:discover_packages(path) using defaults
[1.176s] Level 1:colcon.colcon_core.package_discovery:discover_packages(prefix_path) check parameters
[1.176s] Level 1:colcon.colcon_core.package_discovery:discover_packages(prefix_path) discover
[1.185s] DEBUG:colcon.colcon_installed_package_information.package_discovery:Found 256 installed packages in /opt/ros/foxy
[1.187s] Level 1:colcon.colcon_core.package_discovery:discover_packages(prefix_path) using defaults
[1.312s] Level 5:colcon.colcon_core.verb:set package 'joy_to_can' build argument 'cmake_args' from command line to 'None'
[1.312s] Level 5:colcon.colcon_core.verb:set package 'joy_to_can' build argument 'cmake_target' from command line to 'None'
[1.312s] Level 5:colcon.colcon_core.verb:set package 'joy_to_can' build argument 'cmake_target_skip_unavailable' from command line to 'False'
[1.312s] Level 5:colcon.colcon_core.verb:set package 'joy_to_can' build argument 'cmake_clean_cache' from command line to 'False'
[1.312s] Level 5:colcon.colcon_core.verb:set package 'joy_to_can' build argument 'cmake_clean_first' from command line to 'False'
[1.312s] Level 5:colcon.colcon_core.verb:set package 'joy_to_can' build argument 'cmake_force_configure' from command line to 'False'
[1.312s] Level 5:colcon.colcon_core.verb:set package 'joy_to_can' build argument 'ament_cmake_args' from command line to 'None'
[1.312s] Level 5:colcon.colcon_core.verb:set package 'joy_to_can' build argument 'catkin_cmake_args' from command line to 'None'
[1.312s] Level 5:colcon.colcon_core.verb:set package 'joy_to_can' build argument 'catkin_skip_building_tests' from command line to 'False'
[1.312s] DEBUG:colcon.colcon_core.verb:Building package 'joy_to_can' with the following arguments: {'ament_cmake_args': None, 'build_base': '/home/lyb/Desktop/dev_ws/build/joy_to_can', 'catkin_cmake_args': None, 'catkin_skip_building_tests': False, 'cmake_args': None, 'cmake_clean_cache': False, 'cmake_clean_first': False, 'cmake_force_configure': False, 'cmake_target': None, 'cmake_target_skip_unavailable': False, 'install_base': '/home/lyb/Desktop/dev_ws/install/joy_to_can', 'merge_install': False, 'path': '/home/lyb/Desktop/dev_ws/src/joy_to_can', 'symlink_install': False, 'test_result_base': None}
[1.313s] Level 5:colcon.colcon_core.verb:set package 'ps_controller' build argument 'cmake_args' from command line to 'None'
[1.313s] Level 5:colcon.colcon_core.verb:set package 'ps_controller' build argument 'cmake_target' from command line to 'None'
[1.313s] Level 5:colcon.colcon_core.verb:set package 'ps_controller' build argument 'cmake_target_skip_unavailable' from command line to 'False'
[1.313s] Level 5:colcon.colcon_core.verb:set package 'ps_controller' build argument 'cmake_clean_cache' from command line to 'False'
[1.313s] Level 5:colcon.colcon_core.verb:set package 'ps_controller' build argument 'cmake_clean_first' from command line to 'False'
[1.313s] Level 5:colcon.colcon_core.verb:set package 'ps_controller' build argument 'cmake_force_configure' from command line to 'False'
[1.313s] Level 5:colcon.colcon_core.verb:set package 'ps_controller' build argument 'ament_cmake_args' from command line to 'None'
[1.313s] Level 5:colcon.colcon_core.verb:set package 'ps_controller' build argument 'catkin_cmake_args' from command line to 'None'
[1.313s] Level 5:colcon.colcon_core.verb:set package 'ps_controller' build argument 'catkin_skip_building_tests' from command line to 'False'
[1.313s] DEBUG:colcon.colcon_core.verb:Building package 'ps_controller' with the following arguments: {'ament_cmake_args': None, 'build_base': '/home/lyb/Desktop/dev_ws/build/ps_controller', 'catkin_cmake_args': None, 'catkin_skip_building_tests': False, 'cmake_args': None, 'cmake_clean_cache': False, 'cmake_clean_first': False, 'cmake_force_configure': False, 'cmake_target': None, 'cmake_target_skip_unavailable': False, 'install_base': '/home/lyb/Desktop/dev_ws/install/ps_controller', 'merge_install': False, 'path': '/home/lyb/Desktop/dev_ws/src/ps_controller', 'symlink_install': False, 'test_result_base': None}
[1.314s] INFO:colcon.colcon_core.executor:Executing jobs using 'parallel' executor
[1.316s] DEBUG:colcon.colcon_parallel_executor.executor.parallel:run_until_complete
[1.316s] INFO:colcon.colcon_ros.task.ament_cmake.build:Building ROS package in '/home/lyb/Desktop/dev_ws/src/joy_to_can' with build type 'ament_cmake'
[1.316s] INFO:colcon.colcon_cmake.task.cmake.build:Building CMake package in '/home/lyb/Desktop/dev_ws/src/joy_to_can'
[1.328s] INFO:colcon.colcon_core.plugin_system:Skipping extension 'colcon_core.shell.bat': Not used on non-Windows systems
[1.328s] INFO:colcon.colcon_core.shell:Skip shell extension 'powershell' for command environment: Not usable outside of PowerShell
[1.328s] DEBUG:colcon.colcon_core.shell:Skip shell extension 'dsv' for command environment
[1.335s] INFO:colcon.colcon_ros.task.ament_cmake.build:Building ROS package in '/home/lyb/Desktop/dev_ws/src/ps_controller' with build type 'ament_cmake'
[1.336s] INFO:colcon.colcon_cmake.task.cmake.build:Building CMake package in '/home/lyb/Desktop/dev_ws/src/ps_controller'
[1.336s] INFO:colcon.colcon_core.shell:Skip shell extension 'powershell' for command environment: Not usable outside of PowerShell
[1.336s] DEBUG:colcon.colcon_core.shell:Skip shell extension 'dsv' for command environment
[1.355s] DEBUG:colcon.colcon_core.event_handler.log_command:Invoking command in '/home/lyb/Desktop/dev_ws/build/joy_to_can': CMAKE_PREFIX_PATH=/opt/ros/foxy /usr/bin/cmake --build /home/lyb/Desktop/dev_ws/build/joy_to_can -- -j8 -l8
[1.388s] DEBUG:colcon.colcon_core.event_handler.log_command:Invoking command in '/home/lyb/Desktop/dev_ws/build/ps_controller': CMAKE_PREFIX_PATH=/opt/ros/foxy /usr/bin/cmake --build /home/lyb/Desktop/dev_ws/build/ps_controller -- -j8 -l8
[1.596s] DEBUG:colcon.colcon_core.event_handler.log_command:Invoked command in '/home/lyb/Desktop/dev_ws/build/ps_controller' returned '0': CMAKE_PREFIX_PATH=/opt/ros/foxy /usr/bin/cmake --build /home/lyb/Desktop/dev_ws/build/ps_controller -- -j8 -l8
[1.624s] DEBUG:colcon.colcon_core.event_handler.log_command:Invoked command in '/home/lyb/Desktop/dev_ws/build/joy_to_can' returned '0': CMAKE_PREFIX_PATH=/opt/ros/foxy /usr/bin/cmake --build /home/lyb/Desktop/dev_ws/build/joy_to_can -- -j8 -l8
[1.646s] DEBUG:colcon.colcon_core.event_handler.log_command:Invoking command in '/home/lyb/Desktop/dev_ws/build/ps_controller': CMAKE_PREFIX_PATH=/opt/ros/foxy /usr/bin/cmake --install /home/lyb/Desktop/dev_ws/build/ps_controller
[1.656s] DEBUG:colcon.colcon_core.event_handler.log_command:Invoking command in '/home/lyb/Desktop/dev_ws/build/joy_to_can': CMAKE_PREFIX_PATH=/opt/ros/foxy /usr/bin/cmake --install /home/lyb/Desktop/dev_ws/build/joy_to_can
[1.672s] Level 1:colcon.colcon_core.environment:create_environment_scripts_only(ps_controller)
[1.673s] DEBUG:colcon.colcon_core.event_handler.log_command:Invoked command in '/home/lyb/Desktop/dev_ws/build/ps_controller' returned '0': CMAKE_PREFIX_PATH=/opt/ros/foxy /usr/bin/cmake --install /home/lyb/Desktop/dev_ws/build/ps_controller
[1.683s] Level 1:colcon.colcon_core.environment:checking '/home/lyb/Desktop/dev_ws/install/ps_controller' for CMake module files
[1.683s] Level 1:colcon.colcon_core.environment:checking '/home/lyb/Desktop/dev_ws/install/ps_controller' for CMake config files
[1.684s] Level 1:colcon.colcon_core.shell:create_environment_hook('ps_controller', 'cmake_prefix_path')
[1.684s] INFO:colcon.colcon_core.shell:Creating environment hook '/home/lyb/Desktop/dev_ws/install/ps_controller/share/ps_controller/hook/cmake_prefix_path.ps1'
[1.685s] INFO:colcon.colcon_core.shell:Creating environment descriptor '/home/lyb/Desktop/dev_ws/install/ps_controller/share/ps_controller/hook/cmake_prefix_path.dsv'
[1.686s] INFO:colcon.colcon_core.shell:Creating environment hook '/home/lyb/Desktop/dev_ws/install/ps_controller/share/ps_controller/hook/cmake_prefix_path.sh'
[1.688s] Level 1:colcon.colcon_core.environment:checking '/home/lyb/Desktop/dev_ws/install/ps_controller/lib'
[1.689s] Level 1:colcon.colcon_core.environment:checking '/home/lyb/Desktop/dev_ws/install/ps_controller/bin'
[1.689s] Level 1:colcon.colcon_core.environment:checking '/home/lyb/Desktop/dev_ws/install/ps_controller/lib/pkgconfig/ps_controller.pc'
[1.689s] Level 1:colcon.colcon_core.environment:checking '/home/lyb/Desktop/dev_ws/install/ps_controller/lib/python3.8/site-packages'
[1.689s] Level 1:colcon.colcon_core.environment:checking '/home/lyb/Desktop/dev_ws/install/ps_controller/bin'
[1.689s] INFO:colcon.colcon_core.shell:Creating package script '/home/lyb/Desktop/dev_ws/install/ps_controller/share/ps_controller/package.ps1'
[1.690s] INFO:colcon.colcon_core.shell:Creating package descriptor '/home/lyb/Desktop/dev_ws/install/ps_controller/share/ps_controller/package.dsv'
[1.691s] INFO:colcon.colcon_core.shell:Creating package script '/home/lyb/Desktop/dev_ws/install/ps_controller/share/ps_controller/package.sh'
[1.692s] INFO:colcon.colcon_core.shell:Creating package script '/home/lyb/Desktop/dev_ws/install/ps_controller/share/ps_controller/package.bash'
[1.693s] INFO:colcon.colcon_core.shell:Creating package script '/home/lyb/Desktop/dev_ws/install/ps_controller/share/ps_controller/package.zsh'
[1.695s] Level 1:colcon.colcon_core.environment:create_file_with_runtime_dependencies(/home/lyb/Desktop/dev_ws/install/ps_controller/share/colcon-core/packages/ps_controller)
[1.699s] Level 1:colcon.colcon_core.environment:create_environment_scripts_only(joy_to_can)
[1.699s] Level 1:colcon.colcon_core.environment:checking '/home/lyb/Desktop/dev_ws/install/joy_to_can' for CMake module files
[1.700s] DEBUG:colcon.colcon_core.event_handler.log_command:Invoked command in '/home/lyb/Desktop/dev_ws/build/joy_to_can' returned '0': CMAKE_PREFIX_PATH=/opt/ros/foxy /usr/bin/cmake --install /home/lyb/Desktop/dev_ws/build/joy_to_can
[1.700s] Level 1:colcon.colcon_core.environment:checking '/home/lyb/Desktop/dev_ws/install/joy_to_can' for CMake config files
[1.701s] Level 1:colcon.colcon_core.shell:create_environment_hook('joy_to_can', 'cmake_prefix_path')
[1.701s] INFO:colcon.colcon_core.shell:Creating environment hook '/home/lyb/Desktop/dev_ws/install/joy_to_can/share/joy_to_can/hook/cmake_prefix_path.ps1'
[1.701s] INFO:colcon.colcon_core.shell:Creating environment descriptor '/home/lyb/Desktop/dev_ws/install/joy_to_can/share/joy_to_can/hook/cmake_prefix_path.dsv'
[1.702s] INFO:colcon.colcon_core.shell:Creating environment hook '/home/lyb/Desktop/dev_ws/install/joy_to_can/share/joy_to_can/hook/cmake_prefix_path.sh'
[1.703s] Level 1:colcon.colcon_core.environment:checking '/home/lyb/Desktop/dev_ws/install/joy_to_can/lib'
[1.703s] Level 1:colcon.colcon_core.environment:checking '/home/lyb/Desktop/dev_ws/install/joy_to_can/bin'
[1.703s] Level 1:colcon.colcon_core.environment:checking '/home/lyb/Desktop/dev_ws/install/joy_to_can/lib/pkgconfig/joy_to_can.pc'
[1.703s] Level 1:colcon.colcon_core.environment:checking '/home/lyb/Desktop/dev_ws/install/joy_to_can/lib/python3.8/site-packages'
[1.703s] Level 1:colcon.colcon_core.environment:checking '/home/lyb/Desktop/dev_ws/install/joy_to_can/bin'
[1.703s] INFO:colcon.colcon_core.shell:Creating package script '/home/lyb/Desktop/dev_ws/install/joy_to_can/share/joy_to_can/package.ps1'
[1.704s] INFO:colcon.colcon_core.shell:Creating package descriptor '/home/lyb/Desktop/dev_ws/install/joy_to_can/share/joy_to_can/package.dsv'
[1.704s] INFO:colcon.colcon_core.shell:Creating package script '/home/lyb/Desktop/dev_ws/install/joy_to_can/share/joy_to_can/package.sh'
[1.705s] INFO:colcon.colcon_core.shell:Creating package script '/home/lyb/Desktop/dev_ws/install/joy_to_can/share/joy_to_can/package.bash'
[1.705s] INFO:colcon.colcon_core.shell:Creating package script '/home/lyb/Desktop/dev_ws/install/joy_to_can/share/joy_to_can/package.zsh'
[1.705s] Level 1:colcon.colcon_core.environment:create_file_with_runtime_dependencies(/home/lyb/Desktop/dev_ws/install/joy_to_can/share/colcon-core/packages/joy_to_can)
[1.728s] Level 1:colcon.colcon_core.environment:create_environment_scripts_only(ps_controller)
[1.728s] Level 1:colcon.colcon_core.environment:checking '/home/lyb/Desktop/dev_ws/install/ps_controller' for CMake module files
[1.728s] Level 1:colcon.colcon_core.environment:checking '/home/lyb/Desktop/dev_ws/install/ps_controller' for CMake config files
[1.729s] Level 1:colcon.colcon_core.shell:create_environment_hook('ps_controller', 'cmake_prefix_path')
[1.729s] INFO:colcon.colcon_core.shell:Creating environment hook '/home/lyb/Desktop/dev_ws/install/ps_controller/share/ps_controller/hook/cmake_prefix_path.ps1'
[1.729s] INFO:colcon.colcon_core.shell:Creating environment descriptor '/home/lyb/Desktop/dev_ws/install/ps_controller/share/ps_controller/hook/cmake_prefix_path.dsv'
[1.730s] INFO:colcon.colcon_core.shell:Creating environment hook '/home/lyb/Desktop/dev_ws/install/ps_controller/share/ps_controller/hook/cmake_prefix_path.sh'
[1.730s] Level 1:colcon.colcon_core.environment:checking '/home/lyb/Desktop/dev_ws/install/ps_controller/lib'
[1.730s] Level 1:colcon.colcon_core.environment:checking '/home/lyb/Desktop/dev_ws/install/ps_controller/bin'
[1.730s] Level 1:colcon.colcon_core.environment:checking '/home/lyb/Desktop/dev_ws/install/ps_controller/lib/pkgconfig/ps_controller.pc'
[1.731s] Level 1:colcon.colcon_core.environment:checking '/home/lyb/Desktop/dev_ws/install/ps_controller/lib/python3.8/site-packages'
[1.731s] Level 1:colcon.colcon_core.environment:checking '/home/lyb/Desktop/dev_ws/install/ps_controller/bin'
[1.731s] INFO:colcon.colcon_core.shell:Creating package script '/home/lyb/Desktop/dev_ws/install/ps_controller/share/ps_controller/package.ps1'
[1.732s] INFO:colcon.colcon_core.shell:Creating package descriptor '/home/lyb/Desktop/dev_ws/install/ps_controller/share/ps_controller/package.dsv'
[1.732s] INFO:colcon.colcon_core.shell:Creating package script '/home/lyb/Desktop/dev_ws/install/ps_controller/share/ps_controller/package.sh'
[1.733s] INFO:colcon.colcon_core.shell:Creating package script '/home/lyb/Desktop/dev_ws/install/ps_controller/share/ps_controller/package.bash'
[1.733s] INFO:colcon.colcon_core.shell:Creating package script '/home/lyb/Desktop/dev_ws/install/ps_controller/share/ps_controller/package.zsh'
[1.734s] Level 1:colcon.colcon_core.environment:create_file_with_runtime_dependencies(/home/lyb/Desktop/dev_ws/install/ps_controller/share/colcon-core/packages/ps_controller)
[1.741s] Level 1:colcon.colcon_core.environment:create_environment_scripts_only(joy_to_can)
[1.741s] Level 1:colcon.colcon_core.environment:checking '/home/lyb/Desktop/dev_ws/install/joy_to_can' for CMake module files
[1.742s] Level 1:colcon.colcon_core.environment:checking '/home/lyb/Desktop/dev_ws/install/joy_to_can' for CMake config files
[1.742s] Level 1:colcon.colcon_core.shell:create_environment_hook('joy_to_can', 'cmake_prefix_path')
[1.742s] INFO:colcon.colcon_core.shell:Creating environment hook '/home/lyb/Desktop/dev_ws/install/joy_to_can/share/joy_to_can/hook/cmake_prefix_path.ps1'
[1.743s] INFO:colcon.colcon_core.shell:Creating environment descriptor '/home/lyb/Desktop/dev_ws/install/joy_to_can/share/joy_to_can/hook/cmake_prefix_path.dsv'
[1.743s] INFO:colcon.colcon_core.shell:Creating environment hook '/home/lyb/Desktop/dev_ws/install/joy_to_can/share/joy_to_can/hook/cmake_prefix_path.sh'
[1.744s] Level 1:colcon.colcon_core.environment:checking '/home/lyb/Desktop/dev_ws/install/joy_to_can/lib'
[1.744s] Level 1:colcon.colcon_core.environment:checking '/home/lyb/Desktop/dev_ws/install/joy_to_can/bin'
[1.744s] Level 1:colcon.colcon_core.environment:checking '/home/lyb/Desktop/dev_ws/install/joy_to_can/lib/pkgconfig/joy_to_can.pc'
[1.744s] Level 1:colcon.colcon_core.environment:checking '/home/lyb/Desktop/dev_ws/install/joy_to_can/lib/python3.8/site-packages'
[1.744s] Level 1:colcon.colcon_core.environment:checking '/home/lyb/Desktop/dev_ws/install/joy_to_can/bin'
[1.745s] INFO:colcon.colcon_core.shell:Creating package script '/home/lyb/Desktop/dev_ws/install/joy_to_can/share/joy_to_can/package.ps1'
[1.745s] INFO:colcon.colcon_core.shell:Creating package descriptor '/home/lyb/Desktop/dev_ws/install/joy_to_can/share/joy_to_can/package.dsv'
[1.745s] INFO:colcon.colcon_core.shell:Creating package script '/home/lyb/Desktop/dev_ws/install/joy_to_can/share/joy_to_can/package.sh'
[1.746s] INFO:colcon.colcon_core.shell:Creating package script '/home/lyb/Desktop/dev_ws/install/joy_to_can/share/joy_to_can/package.bash'
[1.746s] INFO:colcon.colcon_core.shell:Creating package script '/home/lyb/Desktop/dev_ws/install/joy_to_can/share/joy_to_can/package.zsh'
[1.747s] Level 1:colcon.colcon_core.environment:create_file_with_runtime_dependencies(/home/lyb/Desktop/dev_ws/install/joy_to_can/share/colcon-core/packages/joy_to_can)
[1.748s] DEBUG:colcon.colcon_parallel_executor.executor.parallel:closing loop
[1.748s] DEBUG:colcon.colcon_parallel_executor.executor.parallel:loop closed
[1.748s] DEBUG:colcon.colcon_parallel_executor.executor.parallel:run_until_complete finished with '0'
[1.748s] DEBUG:colcon.colcon_core.event_reactor:joining thread
[1.767s] INFO:colcon.colcon_core.plugin_system:Skipping extension 'colcon_notification.desktop_notification.terminal_notifier': Not used on non-Darwin systems
[1.767s] INFO:colcon.colcon_core.plugin_system:Skipping extension 'colcon_notification.desktop_notification.win32': Not used on non-Windows systems
[1.767s] INFO:colcon.colcon_notification.desktop_notification:Sending desktop notification using 'notify2'
[1.820s] DEBUG:colcon.colcon_core.event_reactor:joined thread
[1.820s] INFO:colcon.colcon_core.shell:Creating prefix script '/home/lyb/Desktop/dev_ws/install/local_setup.ps1'
[1.822s] INFO:colcon.colcon_core.shell:Creating prefix util module '/home/lyb/Desktop/dev_ws/install/_local_setup_util_ps1.py'
[1.823s] INFO:colcon.colcon_core.shell:Creating prefix chain script '/home/lyb/Desktop/dev_ws/install/setup.ps1'
[1.824s] INFO:colcon.colcon_core.shell:Creating prefix script '/home/lyb/Desktop/dev_ws/install/local_setup.sh'
[1.825s] INFO:colcon.colcon_core.shell:Creating prefix util module '/home/lyb/Desktop/dev_ws/install/_local_setup_util_sh.py'
[1.826s] INFO:colcon.colcon_core.shell:Creating prefix chain script '/home/lyb/Desktop/dev_ws/install/setup.sh'
[1.827s] INFO:colcon.colcon_core.shell:Creating prefix script '/home/lyb/Desktop/dev_ws/install/local_setup.bash'
[1.828s] INFO:colcon.colcon_core.shell:Creating prefix chain script '/home/lyb/Desktop/dev_ws/install/setup.bash'
[1.829s] INFO:colcon.colcon_core.shell:Creating prefix script '/home/lyb/Desktop/dev_ws/install/local_setup.zsh'
[1.830s] INFO:colcon.colcon_core.shell:Creating prefix chain script '/home/lyb/Desktop/dev_ws/install/setup.zsh'
