[0.016s] Invoking command in '/home/lyb/Desktop/dev_ws/build/joy_to_can': CMAKE_PREFIX_PATH=${CMAKE_PREFIX_PATH}:/opt/ros/foxy /usr/bin/cmake --build /home/lyb/Desktop/dev_ws/build/joy_to_can -- -j8 -l8
[0.075s] [35m[1mScanning dependencies of target joy_to_can_node[0m
[0.110s] [ 33%] [32mBuilding CXX object CMakeFiles/joy_to_can_node.dir/src/joy_to_can_node.cpp.o[0m
[0.111s] [ 66%] [32mBuilding CXX object CMakeFiles/joy_to_can_node.dir/src/main.cpp.o[0m
[1.214s] In file included from [01m[K/home/lyb/Desktop/dev_ws/src/joy_to_can/src/main.cpp:2[m[K:
[1.214s] [01m[K/home/lyb/Desktop/dev_ws/src/joy_to_can/include/joy_to_can/joy_to_can_node.hpp:24:10:[m[K [01;31m[Kerror: [m[K‘[01m[Kvoid JoyToCANNode::setMotorPosition(uint8_t, float)[m[K’ cannot be overloaded with ‘[01m[Kvoid JoyToCANNode::setMotorPosition(uint8_t, float)[m[K’
[1.214s]    24 |     void [01;31m[KsetMotorPosition[m[K(uint8_t motor_id, float position);
[1.214s]       |          [01;31m[K^~~~~~~~~~~~~~~~[m[K
[1.214s] [01m[K/home/lyb/Desktop/dev_ws/src/joy_to_can/include/joy_to_can/joy_to_can_node.hpp:13:11:[m[K [01;36m[Knote: [m[Kprevious declaration ‘[01m[Kvoid JoyToCANNode::setMotorPosition(uint8_t, float)[m[K’
[1.215s]    13 |      void [01;36m[KsetMotorPosition[m[K(uint8_t motor_id, float position); // 确保声明与定义匹配
[1.215s]       |           [01;36m[K^~~~~~~~~~~~~~~~[m[K
[1.258s] In file included from [01m[K/home/lyb/Desktop/dev_ws/src/joy_to_can/src/joy_to_can_node.cpp:1[m[K:
[1.258s] [01m[K/home/lyb/Desktop/dev_ws/src/joy_to_can/include/joy_to_can/joy_to_can_node.hpp:24:10:[m[K [01;31m[Kerror: [m[K‘[01m[Kvoid JoyToCANNode::setMotorPosition(uint8_t, float)[m[K’ cannot be overloaded with ‘[01m[Kvoid JoyToCANNode::setMotorPosition(uint8_t, float)[m[K’
[1.258s]    24 |     void [01;31m[KsetMotorPosition[m[K(uint8_t motor_id, float position);
[1.258s]       |          [01;31m[K^~~~~~~~~~~~~~~~[m[K
[1.259s] [01m[K/home/lyb/Desktop/dev_ws/src/joy_to_can/include/joy_to_can/joy_to_can_node.hpp:13:11:[m[K [01;36m[Knote: [m[Kprevious declaration ‘[01m[Kvoid JoyToCANNode::setMotorPosition(uint8_t, float)[m[K’
[1.259s]    13 |      void [01;36m[KsetMotorPosition[m[K(uint8_t motor_id, float position); // 确保声明与定义匹配
[1.259s]       |           [01;36m[K^~~~~~~~~~~~~~~~[m[K
[1.283s] [01m[K/home/lyb/Desktop/dev_ws/src/joy_to_can/src/joy_to_can_node.cpp:[m[K In member function ‘[01m[Kvoid JoyToCANNode::joy_callback(sensor_msgs::msg::Joy_<std::allocator<void> >::SharedPtr)[m[K’:
[1.283s] [01m[K/home/lyb/Desktop/dev_ws/src/joy_to_can/src/joy_to_can_node.cpp:109:13:[m[K [01;31m[Kerror: [m[K‘[01m[KsetMotorParameter[m[K’ was not declared in this scope; did you mean ‘[01m[Kset_parameter[m[K’?
[1.283s]   109 |             [01;31m[KsetMotorParameter[m[K(1, 0x7016, position); // Adjust motor position
[1.283s]       |             [01;31m[K^~~~~~~~~~~~~~~~~[m[K
[1.283s]       |             [32m[Kset_parameter[m[K
[1.286s] [01m[K/home/lyb/Desktop/dev_ws/src/joy_to_can/src/joy_to_can_node.cpp:113:13:[m[K [01;31m[Kerror: [m[K‘[01m[KsetMotorParameter[m[K’ was not declared in this scope; did you mean ‘[01m[Kset_parameter[m[K’?
[1.286s]   113 |             [01;31m[KsetMotorParameter[m[K(1, 0x7016, speed); // Adjust motor speed
[1.287s]       |             [01;31m[K^~~~~~~~~~~~~~~~~[m[K
[1.287s]       |             [32m[Kset_parameter[m[K
[1.287s] [01m[K/home/lyb/Desktop/dev_ws/src/joy_to_can/src/joy_to_can_node.cpp:[m[K In member function ‘[01m[Kvoid JoyToCANNode::setMotorPosition(uint8_t, float)[m[K’:
[1.287s] [01m[K/home/lyb/Desktop/dev_ws/src/joy_to_can/src/joy_to_can_node.cpp:119:45:[m[K [01;35m[Kwarning: [m[Kunused parameter ‘[01m[Kmotor_id[m[K’ [[01;35m[K-Wunused-parameter[m[K]
[1.287s]   119 | void JoyToCANNode::setMotorPosition([01;35m[Kuint8_t motor_id[m[K, float position) {
[1.287s]       |                                     [01;35m[K~~~~~~~~^~~~~~~~[m[K
[1.288s] [01m[K/home/lyb/Desktop/dev_ws/src/joy_to_can/src/joy_to_can_node.cpp:[m[K In function ‘[01m[Kvoid setMotorParameter(uint8_t, uint16_t, float)[m[K’:
[1.288s] [01m[K/home/lyb/Desktop/dev_ws/src/joy_to_can/src/joy_to_can_node.cpp:156:19:[m[K [01;31m[Kerror: [m[K‘[01m[Ksock_[m[K’ was not declared in this scope
[1.288s]   156 |     CAN_SendFrame([01;31m[Ksock_[m[K, &frame);
[1.288s]       |                   [01;31m[K^~~~~[m[K
[1.288s] [01m[K/home/lyb/Desktop/dev_ws/src/joy_to_can/src/joy_to_can_node.cpp:138:32:[m[K [01;35m[Kwarning: [m[Kunused parameter ‘[01m[Kmotor_id[m[K’ [[01;35m[K-Wunused-parameter[m[K]
[1.288s]   138 | void setMotorParameter([01;35m[Kuint8_t motor_id[m[K, uint16_t index, float value) {
[1.288s]       |                        [01;35m[K~~~~~~~~^~~~~~~~[m[K
[1.290s] [01m[K/home/lyb/Desktop/dev_ws/src/joy_to_can/src/joy_to_can_node.cpp:[m[K In function ‘[01m[Kvoid setMotorMode(uint8_t, uint16_t, uint8_t)[m[K’:
[1.290s] [01m[K/home/lyb/Desktop/dev_ws/src/joy_to_can/src/joy_to_can_node.cpp:170:19:[m[K [01;31m[Kerror: [m[K‘[01m[Ksock_[m[K’ was not declared in this scope
[1.290s]   170 |     CAN_SendFrame([01;31m[Ksock_[m[K, &frame);
[1.290s]       |                   [01;31m[K^~~~~[m[K
[1.290s] [01m[K/home/lyb/Desktop/dev_ws/src/joy_to_can/src/joy_to_can_node.cpp:159:27:[m[K [01;35m[Kwarning: [m[Kunused parameter ‘[01m[Kmotor_id[m[K’ [[01;35m[K-Wunused-parameter[m[K]
[1.290s]   159 | void setMotorMode([01;35m[Kuint8_t motor_id[m[K, uint16_t index, uint8_t mode) {
[1.290s]       |                   [01;35m[K~~~~~~~~^~~~~~~~[m[K
[1.522s] make[2]: *** [CMakeFiles/joy_to_can_node.dir/build.make:76: CMakeFiles/joy_to_can_node.dir/src/main.cpp.o] Error 1
[1.522s] make[2]: *** Waiting for unfinished jobs....
[2.604s] make[2]: *** [CMakeFiles/joy_to_can_node.dir/build.make:63: CMakeFiles/joy_to_can_node.dir/src/joy_to_can_node.cpp.o] Error 1
[2.605s] make[1]: *** [CMakeFiles/Makefile2:78: CMakeFiles/joy_to_can_node.dir/all] Error 2
[2.605s] make: *** [Makefile:141: all] Error 2
[2.608s] Invoked command in '/home/lyb/Desktop/dev_ws/build/joy_to_can' returned '2': CMAKE_PREFIX_PATH=${CMAKE_PREFIX_PATH}:/opt/ros/foxy /usr/bin/cmake --build /home/lyb/Desktop/dev_ws/build/joy_to_can -- -j8 -l8
