[0.027s] Invoking command in '/home/lyb/Desktop/dev_ws/build/joy_to_can': CMAKE_PREFIX_PATH=/opt/ros/foxy /usr/bin/cmake --build /home/lyb/Desktop/dev_ws/build/joy_to_can -- -j8 -l8
[0.052s] -- Found ament_cmake: 0.9.12 (/opt/ros/foxy/share/ament_cmake/cmake)
[0.067s] -- Using PYTHON_EXECUTABLE: /usr/bin/python3
[0.199s] -- Found rclcpp: 2.4.3 (/opt/ros/foxy/share/rclcpp/cmake)
[0.226s] -- Using all available rosidl_typesupport_c: rosidl_typesupport_fastrtps_c;rosidl_typesupport_introspection_c
[0.228s] -- Found rosidl_adapter: 1.3.1 (/opt/ros/foxy/share/rosidl_adapter/cmake)
[0.326s] -- Using all available rosidl_typesupport_cpp: rosidl_typesupport_fastrtps_cpp;rosidl_typesupport_introspection_cpp
[0.365s] -- Found rmw_implementation_cmake: 1.0.4 (/opt/ros/foxy/share/rmw_implementation_cmake/cmake)
[0.366s] -- Using RMW implementation 'rmw_fastrtps_cpp' as default
[0.463s] -- Found sensor_msgs: 2.0.5 (/opt/ros/foxy/share/sensor_msgs/cmake)
[0.543s] CMake Error at CMakeLists.txt:29 (add_executable):
[0.543s]   add_executable cannot create target "joy_to_can_node" because another
[0.544s]   target with the same name already exists.  The existing target is an
[0.544s]   executable created in source directory
[0.544s]   "/home/lyb/Desktop/dev_ws/src/joy_to_can".  See documentation for policy
[0.544s]   CMP0002 for more details.
[0.544s] 
[0.544s] 
[0.544s] -- Found ament_lint_auto: 0.9.8 (/opt/ros/foxy/share/ament_lint_auto/cmake)
[0.595s] -- Added test 'copyright' to check source files copyright and LICENSE
[0.595s] -- Added test 'cppcheck' to perform static code analysis on C / C++ code
[0.596s] -- Configured cppcheck include dirs: /home/lyb/Desktop/dev_ws/src/joy_to_can/include
[0.596s] -- Configured cppcheck exclude dirs and/or files: 
[0.597s] -- Added test 'cpplint' to check C / C++ code against the Google style
[0.597s] -- Configured cpplint exclude dirs and/or files: 
[0.597s] -- Added test 'lint_cmake' to check CMake code style
[0.598s] -- Added test 'uncrustify' to check C / C++ code style
[0.598s] -- Configured uncrustify additional arguments: 
[0.599s] -- Added test 'xmllint' to check XML markup files
[0.603s] -- Configuring incomplete, errors occurred!
[0.603s] See also "/home/lyb/Desktop/dev_ws/build/joy_to_can/CMakeFiles/CMakeOutput.log".
[0.603s] See also "/home/lyb/Desktop/dev_ws/build/joy_to_can/CMakeFiles/CMakeError.log".
[0.612s] make: *** [Makefile:266: cmake_check_build_system] Error 1
[0.617s] Invoked command in '/home/lyb/Desktop/dev_ws/build/joy_to_can' returned '2': CMAKE_PREFIX_PATH=/opt/ros/foxy /usr/bin/cmake --build /home/lyb/Desktop/dev_ws/build/joy_to_can -- -j8 -l8
