[0.024s] Invoking command in '/home/lyb/Desktop/dev_ws/build/joy_to_can': CMAKE_PREFIX_PATH=/opt/ros/foxy /usr/bin/cmake --build /home/lyb/Desktop/dev_ws/build/joy_to_can -- -j8 -l8
[0.189s] [35m[1mScanning dependencies of target joy_to_can_node[0m
[0.232s] [ 50%] [32mBuilding CXX object CMakeFiles/joy_to_can_node.dir/src/joy_to_can_node.cpp.o[0m
[1.465s] [01m[K/home/lyb/Desktop/dev_ws/src/joy_to_can/src/joy_to_can_node.cpp:[m[K In member function ‘[01m[Kvoid JoyToCANNode::setMotorPosition(uint8_t, float)[m[K’:
[1.466s] [01m[K/home/lyb/Desktop/dev_ws/src/joy_to_can/src/joy_to_can_node.cpp:80:35:[m[K [01;35m[Kwarning: [m[Kunused parameter ‘[01m[Kmotor_id[m[K’ [[01;35m[K-Wunused-parameter[m[K]
[1.466s]    80 |     void setMotorPosition([01;35m[Kuint8_t motor_id[m[K, float position) {
[1.467s]       |                           [01;35m[K~~~~~~~~^~~~~~~~[m[K
[4.753s] [100%] [32m[1mLinking CXX executable joy_to_can_node[0m
[5.014s] [100%] Built target joy_to_can_node
[5.027s] Invoked command in '/home/lyb/Desktop/dev_ws/build/joy_to_can' returned '0': CMAKE_PREFIX_PATH=/opt/ros/foxy /usr/bin/cmake --build /home/lyb/Desktop/dev_ws/build/joy_to_can -- -j8 -l8
[5.060s] Invoking command in '/home/lyb/Desktop/dev_ws/build/joy_to_can': CMAKE_PREFIX_PATH=/opt/ros/foxy /usr/bin/cmake --install /home/lyb/Desktop/dev_ws/build/joy_to_can
[5.073s] -- Install configuration: ""
[5.074s] -- Installing: /home/lyb/Desktop/dev_ws/install/joy_to_can/lib/joy_to_can/joy_to_can_node
[5.077s] -- Set runtime path of "/home/lyb/Desktop/dev_ws/install/joy_to_can/lib/joy_to_can/joy_to_can_node" to ""
[5.077s] -- Up-to-date: /home/lyb/Desktop/dev_ws/install/joy_to_can/share/ament_index/resource_index/package_run_dependencies/joy_to_can
[5.078s] -- Up-to-date: /home/lyb/Desktop/dev_ws/install/joy_to_can/share/ament_index/resource_index/parent_prefix_path/joy_to_can
[5.078s] -- Up-to-date: /home/lyb/Desktop/dev_ws/install/joy_to_can/share/joy_to_can/environment/ament_prefix_path.sh
[5.078s] -- Up-to-date: /home/lyb/Desktop/dev_ws/install/joy_to_can/share/joy_to_can/environment/ament_prefix_path.dsv
[5.078s] -- Up-to-date: /home/lyb/Desktop/dev_ws/install/joy_to_can/share/joy_to_can/environment/path.sh
[5.078s] -- Up-to-date: /home/lyb/Desktop/dev_ws/install/joy_to_can/share/joy_to_can/environment/path.dsv
[5.078s] -- Up-to-date: /home/lyb/Desktop/dev_ws/install/joy_to_can/share/joy_to_can/local_setup.bash
[5.079s] -- Up-to-date: /home/lyb/Desktop/dev_ws/install/joy_to_can/share/joy_to_can/local_setup.sh
[5.079s] -- Up-to-date: /home/lyb/Desktop/dev_ws/install/joy_to_can/share/joy_to_can/local_setup.zsh
[5.079s] -- Up-to-date: /home/lyb/Desktop/dev_ws/install/joy_to_can/share/joy_to_can/local_setup.dsv
[5.079s] -- Installing: /home/lyb/Desktop/dev_ws/install/joy_to_can/share/joy_to_can/package.dsv
[5.079s] -- Up-to-date: /home/lyb/Desktop/dev_ws/install/joy_to_can/share/ament_index/resource_index/packages/joy_to_can
[5.079s] -- Up-to-date: /home/lyb/Desktop/dev_ws/install/joy_to_can/share/joy_to_can/cmake/joy_to_canConfig.cmake
[5.080s] -- Up-to-date: /home/lyb/Desktop/dev_ws/install/joy_to_can/share/joy_to_can/cmake/joy_to_canConfig-version.cmake
[5.080s] -- Up-to-date: /home/lyb/Desktop/dev_ws/install/joy_to_can/share/joy_to_can/package.xml
[5.081s] Invoked command in '/home/lyb/Desktop/dev_ws/build/joy_to_can' returned '0': CMAKE_PREFIX_PATH=/opt/ros/foxy /usr/bin/cmake --install /home/lyb/Desktop/dev_ws/build/joy_to_can
