[0.026s] Invoking command in '/home/lyb/Desktop/dev_ws/build/joy_to_can': CMAKE_PREFIX_PATH=${CMAKE_PREFIX_PATH}:/opt/ros/foxy /usr/bin/cmake --build /home/lyb/Desktop/dev_ws/build/joy_to_can -- -j8 -l8
[0.079s] [35m[1mScanning dependencies of target joy_to_can_node[0m
[0.116s] [ 33%] [32mBuilding CXX object CMakeFiles/joy_to_can_node.dir/src/joy_to_can_node.cpp.o[0m
[1.167s] [01m[K/home/lyb/Desktop/dev_ws/src/joy_to_can/src/joy_to_can_node.cpp:[m[K In member function ‘[01m[Kvoid JoyToCANNode::setMotorPosition(uint8_t, float)[m[K’:
[1.167s] [01m[K/home/lyb/Desktop/dev_ws/src/joy_to_can/src/joy_to_can_node.cpp:101:45:[m[K [01;35m[Kwarning: [m[Kunused parameter ‘[01m[Kmotor_id[m[K’ [[01;35m[K-Wunused-parameter[m[K]
[1.167s]   101 | void JoyToCANNode::setMotorPosition([01;35m[Kuint8_t motor_id[m[K, float position) {
[1.167s]       |                                     [01;35m[K~~~~~~~~^~~~~~~~[m[K
[4.021s] [ 66%] [32m[1mLinking CXX executable joy_to_can_node[0m
[4.213s] [100%] Built target joy_to_can_node
[4.227s] Invoked command in '/home/lyb/Desktop/dev_ws/build/joy_to_can' returned '0': CMAKE_PREFIX_PATH=${CMAKE_PREFIX_PATH}:/opt/ros/foxy /usr/bin/cmake --build /home/lyb/Desktop/dev_ws/build/joy_to_can -- -j8 -l8
[4.268s] Invoking command in '/home/lyb/Desktop/dev_ws/build/joy_to_can': CMAKE_PREFIX_PATH=${CMAKE_PREFIX_PATH}:/opt/ros/foxy /usr/bin/cmake --install /home/lyb/Desktop/dev_ws/build/joy_to_can
[4.280s] -- Install configuration: ""
[4.280s] -- Installing: /home/lyb/Desktop/dev_ws/install/joy_to_can/lib/joy_to_can/joy_to_can_node
[4.283s] -- Set runtime path of "/home/lyb/Desktop/dev_ws/install/joy_to_can/lib/joy_to_can/joy_to_can_node" to ""
[4.283s] -- Up-to-date: /home/lyb/Desktop/dev_ws/install/joy_to_can/share/ament_index/resource_index/package_run_dependencies/joy_to_can
[4.284s] -- Up-to-date: /home/lyb/Desktop/dev_ws/install/joy_to_can/share/ament_index/resource_index/parent_prefix_path/joy_to_can
[4.284s] -- Up-to-date: /home/lyb/Desktop/dev_ws/install/joy_to_can/share/joy_to_can/environment/ament_prefix_path.sh
[4.284s] -- Up-to-date: /home/lyb/Desktop/dev_ws/install/joy_to_can/share/joy_to_can/environment/ament_prefix_path.dsv
[4.284s] -- Up-to-date: /home/lyb/Desktop/dev_ws/install/joy_to_can/share/joy_to_can/environment/path.sh
[4.285s] -- Up-to-date: /home/lyb/Desktop/dev_ws/install/joy_to_can/share/joy_to_can/environment/path.dsv
[4.285s] -- Up-to-date: /home/lyb/Desktop/dev_ws/install/joy_to_can/share/joy_to_can/local_setup.bash
[4.285s] -- Up-to-date: /home/lyb/Desktop/dev_ws/install/joy_to_can/share/joy_to_can/local_setup.sh
[4.285s] -- Up-to-date: /home/lyb/Desktop/dev_ws/install/joy_to_can/share/joy_to_can/local_setup.zsh
[4.285s] -- Up-to-date: /home/lyb/Desktop/dev_ws/install/joy_to_can/share/joy_to_can/local_setup.dsv
[4.285s] -- Installing: /home/lyb/Desktop/dev_ws/install/joy_to_can/share/joy_to_can/package.dsv
[4.285s] -- Up-to-date: /home/lyb/Desktop/dev_ws/install/joy_to_can/share/ament_index/resource_index/packages/joy_to_can
[4.285s] -- Up-to-date: /home/lyb/Desktop/dev_ws/install/joy_to_can/share/joy_to_can/cmake/joy_to_canConfig.cmake
[4.285s] -- Up-to-date: /home/lyb/Desktop/dev_ws/install/joy_to_can/share/joy_to_can/cmake/joy_to_canConfig-version.cmake
[4.285s] -- Up-to-date: /home/lyb/Desktop/dev_ws/install/joy_to_can/share/joy_to_can/package.xml
[4.288s] Invoked command in '/home/lyb/Desktop/dev_ws/build/joy_to_can' returned '0': CMAKE_PREFIX_PATH=${CMAKE_PREFIX_PATH}:/opt/ros/foxy /usr/bin/cmake --install /home/lyb/Desktop/dev_ws/build/joy_to_can
