[0.126s] DEBUG:colcon:Command line arguments: ['/usr/bin/colcon', 'build']
[0.126s] DEBUG:colcon:Parsed command line arguments: Namespace(allow_overriding=[], ament_cmake_args=None, base_paths=['.'], build_base='build', catkin_cmake_args=None, catkin_skip_building_tests=False, cmake_args=None, cmake_clean_cache=False, cmake_clean_first=False, cmake_force_configure=False, cmake_target=None, cmake_target_skip_unavailable=False, continue_on_error=False, event_handlers=None, executor='parallel', ignore_user_meta=False, install_base='install', log_base=None, log_level=None, main=<bound method BuildVerb.main of <colcon_core.verb.build.BuildVerb object at 0x7fed183e0af0>>, merge_install=False, metas=['./colcon.meta'], packages_above=None, packages_above_and_dependencies=None, packages_above_depth=None, packages_end=None, packages_ignore=None, packages_ignore_regex=None, packages_select=None, packages_select_build_failed=False, packages_select_by_dep=None, packages_select_regex=None, packages_select_test_failures=False, packages_skip=None, packages_skip_build_finished=False, packages_skip_by_dep=None, packages_skip_regex=None, packages_skip_test_passed=False, packages_skip_up_to=None, packages_start=None, packages_up_to=None, packages_up_to_regex=None, parallel_workers=8, paths=None, symlink_install=False, test_result_base=None, verb_extension=<colcon_core.verb.build.BuildVerb object at 0x7fed183e0af0>, verb_name='build', verb_parser=<colcon_defaults.argument_parser.defaults.DefaultArgumentsDecorator object at 0x7fed183f3040>)
[0.213s] Level 1:colcon.colcon_core.package_discovery:discover_packages(colcon_meta) check parameters
[0.214s] Level 1:colcon.colcon_core.package_discovery:discover_packages(recursive) check parameters
[0.214s] Level 1:colcon.colcon_core.package_discovery:discover_packages(ignore) check parameters
[0.214s] Level 1:colcon.colcon_core.package_discovery:discover_packages(path) check parameters
[0.214s] Level 1:colcon.colcon_core.package_discovery:discover_packages(colcon_meta) discover
[0.214s] Level 1:colcon.colcon_core.package_discovery:discover_packages(recursive) discover
[0.214s] INFO:colcon.colcon_core.package_discovery:Crawling recursively for packages in '/home/lyb/Desktop/dev_ws'
[0.214s] Level 1:colcon.colcon_core.package_identification:_identify(.) by extensions ['ignore', 'ignore_ament_install']
[0.214s] Level 1:colcon.colcon_core.package_identification:_identify(.) by extension 'ignore'
[0.214s] Level 1:colcon.colcon_core.package_identification:_identify(.) by extension 'ignore_ament_install'
[0.214s] Level 1:colcon.colcon_core.package_identification:_identify(.) by extensions ['colcon_pkg']
[0.214s] Level 1:colcon.colcon_core.package_identification:_identify(.) by extension 'colcon_pkg'
[0.214s] Level 1:colcon.colcon_core.package_identification:_identify(.) by extensions ['colcon_meta']
[0.214s] Level 1:colcon.colcon_core.package_identification:_identify(.) by extension 'colcon_meta'
[0.214s] Level 1:colcon.colcon_core.package_identification:_identify(.) by extensions ['ros']
[0.214s] Level 1:colcon.colcon_core.package_identification:_identify(.) by extension 'ros'
[0.223s] Level 1:colcon.colcon_core.package_identification:_identify(.) by extensions ['cmake', 'python']
[0.223s] Level 1:colcon.colcon_core.package_identification:_identify(.) by extension 'cmake'
[0.223s] Level 1:colcon.colcon_core.package_identification:_identify(.) by extension 'python'
[0.223s] Level 1:colcon.colcon_core.package_identification:_identify(.) by extensions ['python_setup_py']
[0.223s] Level 1:colcon.colcon_core.package_identification:_identify(.) by extension 'python_setup_py'
[0.223s] Level 1:colcon.colcon_core.package_identification:_identify(build) by extensions ['ignore', 'ignore_ament_install']
[0.224s] Level 1:colcon.colcon_core.package_identification:_identify(build) by extension 'ignore'
[0.224s] Level 1:colcon.colcon_core.package_identification:_identify(build) ignored
[0.224s] Level 1:colcon.colcon_core.package_identification:_identify(install) by extensions ['ignore', 'ignore_ament_install']
[0.224s] Level 1:colcon.colcon_core.package_identification:_identify(install) by extension 'ignore'
[0.224s] Level 1:colcon.colcon_core.package_identification:_identify(install) ignored
[0.224s] Level 1:colcon.colcon_core.package_identification:_identify(log) by extensions ['ignore', 'ignore_ament_install']
[0.224s] Level 1:colcon.colcon_core.package_identification:_identify(log) by extension 'ignore'
[0.224s] Level 1:colcon.colcon_core.package_identification:_identify(log) ignored
[0.224s] Level 1:colcon.colcon_core.package_identification:_identify(src) by extensions ['ignore', 'ignore_ament_install']
[0.224s] Level 1:colcon.colcon_core.package_identification:_identify(src) by extension 'ignore'
[0.224s] Level 1:colcon.colcon_core.package_identification:_identify(src) by extension 'ignore_ament_install'
[0.224s] Level 1:colcon.colcon_core.package_identification:_identify(src) by extensions ['colcon_pkg']
[0.224s] Level 1:colcon.colcon_core.package_identification:_identify(src) by extension 'colcon_pkg'
[0.224s] Level 1:colcon.colcon_core.package_identification:_identify(src) by extensions ['colcon_meta']
[0.224s] Level 1:colcon.colcon_core.package_identification:_identify(src) by extension 'colcon_meta'
[0.224s] Level 1:colcon.colcon_core.package_identification:_identify(src) by extensions ['ros']
[0.224s] Level 1:colcon.colcon_core.package_identification:_identify(src) by extension 'ros'
[0.224s] Level 1:colcon.colcon_core.package_identification:_identify(src) by extensions ['cmake', 'python']
[0.224s] Level 1:colcon.colcon_core.package_identification:_identify(src) by extension 'cmake'
[0.224s] Level 1:colcon.colcon_core.package_identification:_identify(src) by extension 'python'
[0.224s] Level 1:colcon.colcon_core.package_identification:_identify(src) by extensions ['python_setup_py']
[0.224s] Level 1:colcon.colcon_core.package_identification:_identify(src) by extension 'python_setup_py'
[0.224s] Level 1:colcon.colcon_core.package_identification:_identify(src/joy_to_can) by extensions ['ignore', 'ignore_ament_install']
[0.224s] Level 1:colcon.colcon_core.package_identification:_identify(src/joy_to_can) by extension 'ignore'
[0.224s] Level 1:colcon.colcon_core.package_identification:_identify(src/joy_to_can) by extension 'ignore_ament_install'
[0.225s] Level 1:colcon.colcon_core.package_identification:_identify(src/joy_to_can) by extensions ['colcon_pkg']
[0.225s] Level 1:colcon.colcon_core.package_identification:_identify(src/joy_to_can) by extension 'colcon_pkg'
[0.225s] Level 1:colcon.colcon_core.package_identification:_identify(src/joy_to_can) by extensions ['colcon_meta']
[0.225s] Level 1:colcon.colcon_core.package_identification:_identify(src/joy_to_can) by extension 'colcon_meta'
[0.225s] Level 1:colcon.colcon_core.package_identification:_identify(src/joy_to_can) by extensions ['ros']
[0.225s] Level 1:colcon.colcon_core.package_identification:_identify(src/joy_to_can) by extension 'ros'
[0.226s] DEBUG:colcon.colcon_core.package_identification:Package 'src/joy_to_can' with type 'ros.ament_cmake' and name 'joy_to_can'
[0.227s] Level 1:colcon.colcon_core.package_identification:_identify(src/ps_controller) by extensions ['ignore', 'ignore_ament_install']
[0.227s] Level 1:colcon.colcon_core.package_identification:_identify(src/ps_controller) by extension 'ignore'
[0.227s] Level 1:colcon.colcon_core.package_identification:_identify(src/ps_controller) by extension 'ignore_ament_install'
[0.227s] Level 1:colcon.colcon_core.package_identification:_identify(src/ps_controller) by extensions ['colcon_pkg']
[0.227s] Level 1:colcon.colcon_core.package_identification:_identify(src/ps_controller) by extension 'colcon_pkg'
[0.227s] Level 1:colcon.colcon_core.package_identification:_identify(src/ps_controller) by extensions ['colcon_meta']
[0.227s] Level 1:colcon.colcon_core.package_identification:_identify(src/ps_controller) by extension 'colcon_meta'
[0.227s] Level 1:colcon.colcon_core.package_identification:_identify(src/ps_controller) by extensions ['ros']
[0.227s] Level 1:colcon.colcon_core.package_identification:_identify(src/ps_controller) by extension 'ros'
[0.227s] DEBUG:colcon.colcon_core.package_identification:Package 'src/ps_controller' with type 'ros.ament_cmake' and name 'ps_controller'
[0.227s] Level 1:colcon.colcon_core.package_discovery:discover_packages(recursive) using defaults
[0.227s] Level 1:colcon.colcon_core.package_discovery:discover_packages(ignore) discover
[0.227s] Level 1:colcon.colcon_core.package_discovery:discover_packages(ignore) using defaults
[0.227s] Level 1:colcon.colcon_core.package_discovery:discover_packages(path) discover
[0.227s] Level 1:colcon.colcon_core.package_discovery:discover_packages(path) using defaults
[0.240s] Level 1:colcon.colcon_core.package_discovery:discover_packages(prefix_path) check parameters
[0.240s] Level 1:colcon.colcon_core.package_discovery:discover_packages(prefix_path) discover
[0.242s] DEBUG:colcon.colcon_installed_package_information.package_discovery:Found 2 installed packages in /home/lyb/Desktop/dev_ws/install
[0.243s] DEBUG:colcon.colcon_installed_package_information.package_discovery:Found 256 installed packages in /opt/ros/foxy
[0.245s] Level 1:colcon.colcon_core.package_discovery:discover_packages(prefix_path) using defaults
[0.298s] Level 5:colcon.colcon_core.verb:set package 'joy_to_can' build argument 'cmake_args' from command line to 'None'
[0.298s] Level 5:colcon.colcon_core.verb:set package 'joy_to_can' build argument 'cmake_target' from command line to 'None'
[0.298s] Level 5:colcon.colcon_core.verb:set package 'joy_to_can' build argument 'cmake_target_skip_unavailable' from command line to 'False'
[0.298s] Level 5:colcon.colcon_core.verb:set package 'joy_to_can' build argument 'cmake_clean_cache' from command line to 'False'
[0.298s] Level 5:colcon.colcon_core.verb:set package 'joy_to_can' build argument 'cmake_clean_first' from command line to 'False'
[0.298s] Level 5:colcon.colcon_core.verb:set package 'joy_to_can' build argument 'cmake_force_configure' from command line to 'False'
[0.298s] Level 5:colcon.colcon_core.verb:set package 'joy_to_can' build argument 'ament_cmake_args' from command line to 'None'
[0.298s] Level 5:colcon.colcon_core.verb:set package 'joy_to_can' build argument 'catkin_cmake_args' from command line to 'None'
[0.298s] Level 5:colcon.colcon_core.verb:set package 'joy_to_can' build argument 'catkin_skip_building_tests' from command line to 'False'
[0.298s] DEBUG:colcon.colcon_core.verb:Building package 'joy_to_can' with the following arguments: {'ament_cmake_args': None, 'build_base': '/home/lyb/Desktop/dev_ws/build/joy_to_can', 'catkin_cmake_args': None, 'catkin_skip_building_tests': False, 'cmake_args': None, 'cmake_clean_cache': False, 'cmake_clean_first': False, 'cmake_force_configure': False, 'cmake_target': None, 'cmake_target_skip_unavailable': False, 'install_base': '/home/lyb/Desktop/dev_ws/install/joy_to_can', 'merge_install': False, 'path': '/home/lyb/Desktop/dev_ws/src/joy_to_can', 'symlink_install': False, 'test_result_base': None}
[0.298s] Level 5:colcon.colcon_core.verb:set package 'ps_controller' build argument 'cmake_args' from command line to 'None'
[0.298s] Level 5:colcon.colcon_core.verb:set package 'ps_controller' build argument 'cmake_target' from command line to 'None'
[0.298s] Level 5:colcon.colcon_core.verb:set package 'ps_controller' build argument 'cmake_target_skip_unavailable' from command line to 'False'
[0.298s] Level 5:colcon.colcon_core.verb:set package 'ps_controller' build argument 'cmake_clean_cache' from command line to 'False'
[0.298s] Level 5:colcon.colcon_core.verb:set package 'ps_controller' build argument 'cmake_clean_first' from command line to 'False'
[0.298s] Level 5:colcon.colcon_core.verb:set package 'ps_controller' build argument 'cmake_force_configure' from command line to 'False'
[0.299s] Level 5:colcon.colcon_core.verb:set package 'ps_controller' build argument 'ament_cmake_args' from command line to 'None'
[0.299s] Level 5:colcon.colcon_core.verb:set package 'ps_controller' build argument 'catkin_cmake_args' from command line to 'None'
[0.299s] Level 5:colcon.colcon_core.verb:set package 'ps_controller' build argument 'catkin_skip_building_tests' from command line to 'False'
[0.299s] DEBUG:colcon.colcon_core.verb:Building package 'ps_controller' with the following arguments: {'ament_cmake_args': None, 'build_base': '/home/lyb/Desktop/dev_ws/build/ps_controller', 'catkin_cmake_args': None, 'catkin_skip_building_tests': False, 'cmake_args': None, 'cmake_clean_cache': False, 'cmake_clean_first': False, 'cmake_force_configure': False, 'cmake_target': None, 'cmake_target_skip_unavailable': False, 'install_base': '/home/lyb/Desktop/dev_ws/install/ps_controller', 'merge_install': False, 'path': '/home/lyb/Desktop/dev_ws/src/ps_controller', 'symlink_install': False, 'test_result_base': None}
[0.299s] INFO:colcon.colcon_core.executor:Executing jobs using 'parallel' executor
[0.301s] DEBUG:colcon.colcon_parallel_executor.executor.parallel:run_until_complete
[0.301s] INFO:colcon.colcon_ros.task.ament_cmake.build:Building ROS package in '/home/lyb/Desktop/dev_ws/src/joy_to_can' with build type 'ament_cmake'
[0.301s] INFO:colcon.colcon_cmake.task.cmake.build:Building CMake package in '/home/lyb/Desktop/dev_ws/src/joy_to_can'
[0.303s] INFO:colcon.colcon_core.plugin_system:Skipping extension 'colcon_core.shell.bat': Not used on non-Windows systems
[0.303s] INFO:colcon.colcon_core.shell:Skip shell extension 'powershell' for command environment: Not usable outside of PowerShell
[0.303s] DEBUG:colcon.colcon_core.shell:Skip shell extension 'dsv' for command environment
[0.308s] INFO:colcon.colcon_ros.task.ament_cmake.build:Building ROS package in '/home/lyb/Desktop/dev_ws/src/ps_controller' with build type 'ament_cmake'
[0.309s] INFO:colcon.colcon_cmake.task.cmake.build:Building CMake package in '/home/lyb/Desktop/dev_ws/src/ps_controller'
[0.309s] INFO:colcon.colcon_core.shell:Skip shell extension 'powershell' for command environment: Not usable outside of PowerShell
[0.309s] DEBUG:colcon.colcon_core.shell:Skip shell extension 'dsv' for command environment
[0.326s] DEBUG:colcon.colcon_core.event_handler.log_command:Invoking command in '/home/lyb/Desktop/dev_ws/build/joy_to_can': CMAKE_PREFIX_PATH=${CMAKE_PREFIX_PATH}:/opt/ros/foxy /usr/bin/cmake --build /home/lyb/Desktop/dev_ws/build/joy_to_can -- -j8 -l8
[0.337s] DEBUG:colcon.colcon_core.event_handler.log_command:Invoking command in '/home/lyb/Desktop/dev_ws/build/ps_controller': CMAKE_PREFIX_PATH=${CMAKE_PREFIX_PATH}:/opt/ros/foxy /usr/bin/cmake --build /home/lyb/Desktop/dev_ws/build/ps_controller -- -j8 -l8
[0.422s] DEBUG:colcon.colcon_core.event_handler.log_command:Invoked command in '/home/lyb/Desktop/dev_ws/build/ps_controller' returned '0': CMAKE_PREFIX_PATH=${CMAKE_PREFIX_PATH}:/opt/ros/foxy /usr/bin/cmake --build /home/lyb/Desktop/dev_ws/build/ps_controller -- -j8 -l8
[0.471s] DEBUG:colcon.colcon_core.event_handler.log_command:Invoking command in '/home/lyb/Desktop/dev_ws/build/ps_controller': CMAKE_PREFIX_PATH=${CMAKE_PREFIX_PATH}:/opt/ros/foxy /usr/bin/cmake --install /home/lyb/Desktop/dev_ws/build/ps_controller
[0.503s] Level 1:colcon.colcon_core.environment:create_environment_scripts_only(ps_controller)
[0.504s] DEBUG:colcon.colcon_core.event_handler.log_command:Invoked command in '/home/lyb/Desktop/dev_ws/build/ps_controller' returned '0': CMAKE_PREFIX_PATH=${CMAKE_PREFIX_PATH}:/opt/ros/foxy /usr/bin/cmake --install /home/lyb/Desktop/dev_ws/build/ps_controller
[0.507s] Level 1:colcon.colcon_core.environment:checking '/home/lyb/Desktop/dev_ws/install/ps_controller' for CMake module files
[0.508s] Level 1:colcon.colcon_core.environment:checking '/home/lyb/Desktop/dev_ws/install/ps_controller' for CMake config files
[0.508s] Level 1:colcon.colcon_core.shell:create_environment_hook('ps_controller', 'cmake_prefix_path')
[0.508s] INFO:colcon.colcon_core.shell:Creating environment hook '/home/lyb/Desktop/dev_ws/install/ps_controller/share/ps_controller/hook/cmake_prefix_path.ps1'
[0.509s] INFO:colcon.colcon_core.shell:Creating environment descriptor '/home/lyb/Desktop/dev_ws/install/ps_controller/share/ps_controller/hook/cmake_prefix_path.dsv'
[0.509s] INFO:colcon.colcon_core.shell:Creating environment hook '/home/lyb/Desktop/dev_ws/install/ps_controller/share/ps_controller/hook/cmake_prefix_path.sh'
[0.510s] Level 1:colcon.colcon_core.environment:checking '/home/lyb/Desktop/dev_ws/install/ps_controller/lib'
[0.510s] Level 1:colcon.colcon_core.environment:checking '/home/lyb/Desktop/dev_ws/install/ps_controller/bin'
[0.510s] Level 1:colcon.colcon_core.environment:checking '/home/lyb/Desktop/dev_ws/install/ps_controller/lib/pkgconfig/ps_controller.pc'
[0.510s] Level 1:colcon.colcon_core.environment:checking '/home/lyb/Desktop/dev_ws/install/ps_controller/lib/python3.8/site-packages'
[0.510s] Level 1:colcon.colcon_core.environment:checking '/home/lyb/Desktop/dev_ws/install/ps_controller/bin'
[0.510s] INFO:colcon.colcon_core.shell:Creating package script '/home/lyb/Desktop/dev_ws/install/ps_controller/share/ps_controller/package.ps1'
[0.511s] INFO:colcon.colcon_core.shell:Creating package descriptor '/home/lyb/Desktop/dev_ws/install/ps_controller/share/ps_controller/package.dsv'
[0.511s] INFO:colcon.colcon_core.shell:Creating package script '/home/lyb/Desktop/dev_ws/install/ps_controller/share/ps_controller/package.sh'
[0.512s] INFO:colcon.colcon_core.shell:Creating package script '/home/lyb/Desktop/dev_ws/install/ps_controller/share/ps_controller/package.bash'
[0.512s] INFO:colcon.colcon_core.shell:Creating package script '/home/lyb/Desktop/dev_ws/install/ps_controller/share/ps_controller/package.zsh'
[0.513s] Level 1:colcon.colcon_core.environment:create_file_with_runtime_dependencies(/home/lyb/Desktop/dev_ws/install/ps_controller/share/colcon-core/packages/ps_controller)
[0.549s] Level 1:colcon.colcon_core.environment:create_environment_scripts_only(ps_controller)
[0.549s] Level 1:colcon.colcon_core.environment:checking '/home/lyb/Desktop/dev_ws/install/ps_controller' for CMake module files
[0.549s] Level 1:colcon.colcon_core.environment:checking '/home/lyb/Desktop/dev_ws/install/ps_controller' for CMake config files
[0.550s] Level 1:colcon.colcon_core.shell:create_environment_hook('ps_controller', 'cmake_prefix_path')
[0.550s] INFO:colcon.colcon_core.shell:Creating environment hook '/home/lyb/Desktop/dev_ws/install/ps_controller/share/ps_controller/hook/cmake_prefix_path.ps1'
[0.551s] INFO:colcon.colcon_core.shell:Creating environment descriptor '/home/lyb/Desktop/dev_ws/install/ps_controller/share/ps_controller/hook/cmake_prefix_path.dsv'
[0.551s] INFO:colcon.colcon_core.shell:Creating environment hook '/home/lyb/Desktop/dev_ws/install/ps_controller/share/ps_controller/hook/cmake_prefix_path.sh'
[0.552s] Level 1:colcon.colcon_core.environment:checking '/home/lyb/Desktop/dev_ws/install/ps_controller/lib'
[0.552s] Level 1:colcon.colcon_core.environment:checking '/home/lyb/Desktop/dev_ws/install/ps_controller/bin'
[0.552s] Level 1:colcon.colcon_core.environment:checking '/home/lyb/Desktop/dev_ws/install/ps_controller/lib/pkgconfig/ps_controller.pc'
[0.552s] Level 1:colcon.colcon_core.environment:checking '/home/lyb/Desktop/dev_ws/install/ps_controller/lib/python3.8/site-packages'
[0.552s] Level 1:colcon.colcon_core.environment:checking '/home/lyb/Desktop/dev_ws/install/ps_controller/bin'
[0.552s] INFO:colcon.colcon_core.shell:Creating package script '/home/lyb/Desktop/dev_ws/install/ps_controller/share/ps_controller/package.ps1'
[0.553s] INFO:colcon.colcon_core.shell:Creating package descriptor '/home/lyb/Desktop/dev_ws/install/ps_controller/share/ps_controller/package.dsv'
[0.553s] INFO:colcon.colcon_core.shell:Creating package script '/home/lyb/Desktop/dev_ws/install/ps_controller/share/ps_controller/package.sh'
[0.554s] INFO:colcon.colcon_core.shell:Creating package script '/home/lyb/Desktop/dev_ws/install/ps_controller/share/ps_controller/package.bash'
[0.554s] INFO:colcon.colcon_core.shell:Creating package script '/home/lyb/Desktop/dev_ws/install/ps_controller/share/ps_controller/package.zsh'
[0.554s] Level 1:colcon.colcon_core.environment:create_file_with_runtime_dependencies(/home/lyb/Desktop/dev_ws/install/ps_controller/share/colcon-core/packages/ps_controller)
[4.139s] DEBUG:colcon.colcon_core.event_handler.log_command:Invoked command in '/home/lyb/Desktop/dev_ws/build/joy_to_can' returned '2': CMAKE_PREFIX_PATH=${CMAKE_PREFIX_PATH}:/opt/ros/foxy /usr/bin/cmake --build /home/lyb/Desktop/dev_ws/build/joy_to_can -- -j8 -l8
[4.177s] Level 1:colcon.colcon_core.environment:create_environment_scripts_only(joy_to_can)
[4.177s] Level 1:colcon.colcon_core.environment:checking '/home/lyb/Desktop/dev_ws/install/joy_to_can' for CMake module files
[4.178s] Level 1:colcon.colcon_core.environment:checking '/home/lyb/Desktop/dev_ws/install/joy_to_can' for CMake config files
[4.178s] Level 1:colcon.colcon_core.shell:create_environment_hook('joy_to_can', 'cmake_prefix_path')
[4.178s] INFO:colcon.colcon_core.shell:Creating environment hook '/home/lyb/Desktop/dev_ws/install/joy_to_can/share/joy_to_can/hook/cmake_prefix_path.ps1'
[4.179s] INFO:colcon.colcon_core.shell:Creating environment descriptor '/home/lyb/Desktop/dev_ws/install/joy_to_can/share/joy_to_can/hook/cmake_prefix_path.dsv'
[4.179s] INFO:colcon.colcon_core.shell:Creating environment hook '/home/lyb/Desktop/dev_ws/install/joy_to_can/share/joy_to_can/hook/cmake_prefix_path.sh'
[4.180s] Level 1:colcon.colcon_core.environment:checking '/home/lyb/Desktop/dev_ws/install/joy_to_can/lib'
[4.180s] Level 1:colcon.colcon_core.environment:checking '/home/lyb/Desktop/dev_ws/install/joy_to_can/bin'
[4.180s] Level 1:colcon.colcon_core.environment:checking '/home/lyb/Desktop/dev_ws/install/joy_to_can/lib/pkgconfig/joy_to_can.pc'
[4.180s] Level 1:colcon.colcon_core.environment:checking '/home/lyb/Desktop/dev_ws/install/joy_to_can/lib/python3.8/site-packages'
[4.180s] Level 1:colcon.colcon_core.environment:checking '/home/lyb/Desktop/dev_ws/install/joy_to_can/bin'
[4.180s] INFO:colcon.colcon_core.shell:Creating package script '/home/lyb/Desktop/dev_ws/install/joy_to_can/share/joy_to_can/package.ps1'
[4.181s] INFO:colcon.colcon_core.shell:Creating package descriptor '/home/lyb/Desktop/dev_ws/install/joy_to_can/share/joy_to_can/package.dsv'
[4.181s] INFO:colcon.colcon_core.shell:Creating package script '/home/lyb/Desktop/dev_ws/install/joy_to_can/share/joy_to_can/package.sh'
[4.182s] INFO:colcon.colcon_core.shell:Creating package script '/home/lyb/Desktop/dev_ws/install/joy_to_can/share/joy_to_can/package.bash'
[4.182s] INFO:colcon.colcon_core.shell:Creating package script '/home/lyb/Desktop/dev_ws/install/joy_to_can/share/joy_to_can/package.zsh'
[4.182s] Level 1:colcon.colcon_core.environment:create_file_with_runtime_dependencies(/home/lyb/Desktop/dev_ws/install/joy_to_can/share/colcon-core/packages/joy_to_can)
[4.186s] DEBUG:colcon.colcon_parallel_executor.executor.parallel:closing loop
[4.186s] DEBUG:colcon.colcon_parallel_executor.executor.parallel:loop closed
[4.186s] DEBUG:colcon.colcon_parallel_executor.executor.parallel:run_until_complete finished with '2'
[4.186s] DEBUG:colcon.colcon_core.event_reactor:joining thread
[4.206s] INFO:colcon.colcon_core.plugin_system:Skipping extension 'colcon_notification.desktop_notification.terminal_notifier': Not used on non-Darwin systems
[4.206s] INFO:colcon.colcon_core.plugin_system:Skipping extension 'colcon_notification.desktop_notification.win32': Not used on non-Windows systems
[4.206s] INFO:colcon.colcon_notification.desktop_notification:Sending desktop notification using 'notify2'
[4.227s] DEBUG:colcon.colcon_core.event_reactor:joined thread
[4.228s] INFO:colcon.colcon_core.shell:Creating prefix script '/home/lyb/Desktop/dev_ws/install/local_setup.ps1'
[4.229s] INFO:colcon.colcon_core.shell:Creating prefix util module '/home/lyb/Desktop/dev_ws/install/_local_setup_util_ps1.py'
[4.230s] INFO:colcon.colcon_core.shell:Creating prefix chain script '/home/lyb/Desktop/dev_ws/install/setup.ps1'
[4.231s] INFO:colcon.colcon_core.shell:Creating prefix script '/home/lyb/Desktop/dev_ws/install/local_setup.sh'
[4.232s] INFO:colcon.colcon_core.shell:Creating prefix util module '/home/lyb/Desktop/dev_ws/install/_local_setup_util_sh.py'
[4.233s] INFO:colcon.colcon_core.shell:Creating prefix chain script '/home/lyb/Desktop/dev_ws/install/setup.sh'
[4.234s] INFO:colcon.colcon_core.shell:Creating prefix script '/home/lyb/Desktop/dev_ws/install/local_setup.bash'
[4.234s] INFO:colcon.colcon_core.shell:Creating prefix chain script '/home/lyb/Desktop/dev_ws/install/setup.bash'
[4.235s] INFO:colcon.colcon_core.shell:Creating prefix script '/home/lyb/Desktop/dev_ws/install/local_setup.zsh'
[4.236s] INFO:colcon.colcon_core.shell:Creating prefix chain script '/home/lyb/Desktop/dev_ws/install/setup.zsh'
