[0.020s] Invoking command in '/home/lyb/Desktop/dev_ws/build/joy_to_can': CMAKE_PREFIX_PATH=${CMAKE_PREFIX_PATH}:/opt/ros/foxy /usr/bin/cmake --build /home/lyb/Desktop/dev_ws/build/joy_to_can -- -j8 -l8
[0.070s] [35m[1mScanning dependencies of target joy_to_can_node[0m
[0.109s] [ 66%] [32mBuilding CXX object CMakeFiles/joy_to_can_node.dir/src/main.cpp.o[0m
[0.109s] [ 66%] [32mBuilding CXX object CMakeFiles/joy_to_can_node.dir/src/joy_to_can_node.cpp.o[0m
[1.123s] In file included from [01m[K/home/lyb/Desktop/dev_ws/src/joy_to_can/src/main.cpp:2[m[K:
[1.123s] [01m[K/home/lyb/Desktop/dev_ws/src/joy_to_can/include/joy_to_can/joy_to_can_node.hpp:24:30:[m[K [01;31m[Kerror: [m[K‘[01m[Kcan_frame_t[m[K’ has not been declared
[1.123s]    24 | void CAN_SendFrame(int sock, [01;31m[Kcan_frame_t[m[K* frame);
[1.123s]       |                              [01;31m[K^~~~~~~~~~~[m[K
[1.130s] In file included from [01m[K/home/lyb/Desktop/dev_ws/src/joy_to_can/src/joy_to_can_node.cpp:1[m[K:
[1.130s] [01m[K/home/lyb/Desktop/dev_ws/src/joy_to_can/include/joy_to_can/joy_to_can_node.hpp:24:30:[m[K [01;31m[Kerror: [m[K‘[01m[Kcan_frame_t[m[K’ has not been declared
[1.130s]    24 | void CAN_SendFrame(int sock, [01;31m[Kcan_frame_t[m[K* frame);
[1.130s]       |                              [01;31m[K^~~~~~~~~~~[m[K
[1.132s] [01m[K/home/lyb/Desktop/dev_ws/src/joy_to_can/src/joy_to_can_node.cpp:10:30:[m[K [01;31m[Kerror: [m[K‘[01m[Kcan_frame_t[m[K’ has not been declared
[1.133s]    10 | void CAN_SendFrame(int sock, [01;31m[Kcan_frame_t[m[K* frame) {
[1.133s]       |                              [01;31m[K^~~~~~~~~~~[m[K
[1.133s] [01m[K/home/lyb/Desktop/dev_ws/src/joy_to_can/src/joy_to_can_node.cpp:[m[K In function ‘[01m[Kvoid CAN_SendFrame(int, int*)[m[K’:
[1.133s] [01m[K/home/lyb/Desktop/dev_ws/src/joy_to_can/src/joy_to_can_node.cpp:19:23:[m[K [01;31m[Kerror: [m[Krequest for member ‘[01m[Kid[m[K’ in ‘[01m[K* frame[m[K’, which is of non-class type ‘[01m[Kint[m[K’
[1.133s]    19 |     id_value = frame->[01;31m[Kid[m[K;
[1.133s]       |                       [01;31m[K^~[m[K
[1.133s] [01m[K/home/lyb/Desktop/dev_ws/src/joy_to_can/src/joy_to_can_node.cpp:20:25:[m[K [01;31m[Kerror: [m[Krequest for member ‘[01m[Kdata[m[K’ in ‘[01m[K* frame[m[K’, which is of non-class type ‘[01m[Kint[m[K’
[1.133s]    20 |     data_value = frame->[01;31m[Kdata[m[K;
[1.133s]       |                         [01;31m[K^~~~[m[K
[1.133s] [01m[K/home/lyb/Desktop/dev_ws/src/joy_to_can/src/joy_to_can_node.cpp:21:25:[m[K [01;31m[Kerror: [m[Krequest for member ‘[01m[Kmode[m[K’ in ‘[01m[K* frame[m[K’, which is of non-class type ‘[01m[Kint[m[K’
[1.133s]    21 |     mode_value = frame->[01;31m[Kmode[m[K;
[1.133s]       |                         [01;31m[K^~~~[m[K
[1.133s] [01m[K/home/lyb/Desktop/dev_ws/src/joy_to_can/src/joy_to_can_node.cpp:31:35:[m[K [01;31m[Kerror: [m[Krequest for member ‘[01m[Ktx_data[m[K’ in ‘[01m[K* frame[m[K’, which is of non-class type ‘[01m[Kint[m[K’
[1.133s]    31 |     memcpy(TxMessage.data, frame->[01;31m[Ktx_data[m[K, sizeof(frame->tx_data));
[1.133s]       |                                   [01;31m[K^~~~~~~[m[K
[1.133s] [01m[K/home/lyb/Desktop/dev_ws/src/joy_to_can/src/joy_to_can_node.cpp:31:58:[m[K [01;31m[Kerror: [m[Krequest for member ‘[01m[Ktx_data[m[K’ in ‘[01m[K* frame[m[K’, which is of non-class type ‘[01m[Kint[m[K’
[1.133s]    31 |     memcpy(TxMessage.data, frame->tx_data, sizeof(frame->[01;31m[Ktx_data[m[K));
[1.133s]       |                                                          [01;31m[K^~~~~~~[m[K
[1.134s] [01m[K/home/lyb/Desktop/dev_ws/src/joy_to_can/src/joy_to_can_node.cpp:[m[K In function ‘[01m[Kvoid Motor_Enable(int)[m[K’:
[1.135s] [01m[K/home/lyb/Desktop/dev_ws/src/joy_to_can/src/joy_to_can_node.cpp:40:5:[m[K [01;31m[Kerror: [m[K‘[01m[Kcan_frame_t[m[K’ was not declared in this scope; did you mean ‘[01m[Kcan_frame[m[K’?
[1.135s]    40 |     [01;31m[Kcan_frame_t[m[K Motor_Enable_Frame;
[1.135s]       |     [01;31m[K^~~~~~~~~~~[m[K
[1.135s]       |     [32m[Kcan_frame[m[K
[1.136s] [01m[K/home/lyb/Desktop/dev_ws/src/joy_to_can/src/joy_to_can_node.cpp:41:5:[m[K [01;31m[Kerror: [m[K‘[01m[KMotor_Enable_Frame[m[K’ was not declared in this scope; did you mean ‘[01m[KMotor_Enable[m[K’?
[1.136s]    41 |     [01;31m[KMotor_Enable_Frame[m[K.mode = 3;
[1.136s]       |     [01;31m[K^~~~~~~~~~~~~~~~~~[m[K
[1.136s]       |     [32m[KMotor_Enable[m[K
[1.137s] [01m[K/home/lyb/Desktop/dev_ws/src/joy_to_can/src/joy_to_can_node.cpp:[m[K In function ‘[01m[Kvoid Motor_Stop(int)[m[K’:
[1.137s] [01m[K/home/lyb/Desktop/dev_ws/src/joy_to_can/src/joy_to_can_node.cpp:50:5:[m[K [01;31m[Kerror: [m[K‘[01m[Kcan_frame_t[m[K’ was not declared in this scope; did you mean ‘[01m[Kcan_frame[m[K’?
[1.137s]    50 |     [01;31m[Kcan_frame_t[m[K Motor_Stop_Frame;
[1.138s]       |     [01;31m[K^~~~~~~~~~~[m[K
[1.138s]       |     [32m[Kcan_frame[m[K
[1.139s] [01m[K/home/lyb/Desktop/dev_ws/src/joy_to_can/src/joy_to_can_node.cpp:51:5:[m[K [01;31m[Kerror: [m[K‘[01m[KMotor_Stop_Frame[m[K’ was not declared in this scope; did you mean ‘[01m[KMotor_Stop[m[K’?
[1.139s]    51 |     [01;31m[KMotor_Stop_Frame[m[K.mode = 4;
[1.139s]       |     [01;31m[K^~~~~~~~~~~~~~~~[m[K
[1.139s]       |     [32m[KMotor_Stop[m[K
[1.154s] [01m[K/home/lyb/Desktop/dev_ws/src/joy_to_can/src/joy_to_can_node.cpp:[m[K In member function ‘[01m[Kvoid JoyToCANNode::joy_callback(sensor_msgs::msg::Joy_<std::allocator<void> >::SharedPtr)[m[K’:
[1.154s] [01m[K/home/lyb/Desktop/dev_ws/src/joy_to_can/src/joy_to_can_node.cpp:90:13:[m[K [01;31m[Kerror: [m[K‘[01m[Kmotor_enabled[m[K’ was not declared in this scope; did you mean ‘[01m[KMotor_Enable[m[K’?
[1.154s]    90 |             [01;31m[Kmotor_enabled[m[K = true;
[1.154s]       |             [01;31m[K^~~~~~~~~~~~~[m[K
[1.154s]       |             [32m[KMotor_Enable[m[K
[1.155s] [01m[K/home/lyb/Desktop/dev_ws/src/joy_to_can/src/joy_to_can_node.cpp:94:13:[m[K [01;31m[Kerror: [m[K‘[01m[Kmotor_enabled[m[K’ was not declared in this scope; did you mean ‘[01m[KMotor_Enable[m[K’?
[1.155s]    94 |             [01;31m[Kmotor_enabled[m[K = false;
[1.155s]       |             [01;31m[K^~~~~~~~~~~~~[m[K
[1.155s]       |             [32m[KMotor_Enable[m[K
[1.157s] [01m[K/home/lyb/Desktop/dev_ws/src/joy_to_can/src/joy_to_can_node.cpp:98:13:[m[K [01;31m[Kerror: [m[K‘[01m[Kcurrent_mode[m[K’ was not declared in this scope
[1.157s]    98 |             [01;31m[Kcurrent_mode[m[K = 2;
[1.157s]       |             [01;31m[K^~~~~~~~~~~~[m[K
[1.159s] [01m[K/home/lyb/Desktop/dev_ws/src/joy_to_can/src/joy_to_can_node.cpp:102:13:[m[K [01;31m[Kerror: [m[K‘[01m[Kcurrent_mode[m[K’ was not declared in this scope
[1.159s]   102 |             [01;31m[Kcurrent_mode[m[K = 1;
[1.159s]       |             [01;31m[K^~~~~~~~~~~~[m[K
[1.161s] [01m[K/home/lyb/Desktop/dev_ws/src/joy_to_can/src/joy_to_can_node.cpp:106:9:[m[K [01;31m[Kerror: [m[K‘[01m[Kmotor_enabled[m[K’ was not declared in this scope; did you mean ‘[01m[KMotor_Enable[m[K’?
[1.161s]   106 |     if ([01;31m[Kmotor_enabled[m[K) {
[1.161s]       |         [01;31m[K^~~~~~~~~~~~~[m[K
[1.161s]       |         [32m[KMotor_Enable[m[K
[1.163s] [01m[K/home/lyb/Desktop/dev_ws/src/joy_to_can/src/joy_to_can_node.cpp:107:13:[m[K [01;31m[Kerror: [m[K‘[01m[Kcurrent_mode[m[K’ was not declared in this scope
[1.163s]   107 |         if ([01;31m[Kcurrent_mode[m[K == 1 && msg->axes.size() > 1) { // Position mode
[1.163s]       |             [01;31m[K^~~~~~~~~~~~[m[K
[1.165s] [01m[K/home/lyb/Desktop/dev_ws/src/joy_to_can/src/joy_to_can_node.cpp:109:13:[m[K [01;31m[Kerror: [m[K‘[01m[KsetMotorParameter[m[K’ was not declared in this scope; did you mean ‘[01m[Kset_parameter[m[K’?
[1.165s]   109 |             [01;31m[KsetMotorParameter[m[K(1, 0x7016, position); // Adjust motor position
[1.165s]       |             [01;31m[K^~~~~~~~~~~~~~~~~[m[K
[1.165s]       |             [32m[Kset_parameter[m[K
[1.168s] [01m[K/home/lyb/Desktop/dev_ws/src/joy_to_can/src/joy_to_can_node.cpp:111:13:[m[K [01;31m[Kerror: [m[K‘[01m[Kcurrent_mode[m[K’ was not declared in this scope
[1.168s]   111 |         if ([01;31m[Kcurrent_mode[m[K == 2 && msg->axes.size() > 1) { // Speed mode
[1.168s]       |             [01;31m[K^~~~~~~~~~~~[m[K
[1.170s] [01m[K/home/lyb/Desktop/dev_ws/src/joy_to_can/src/joy_to_can_node.cpp:113:13:[m[K [01;31m[Kerror: [m[K‘[01m[KsetMotorParameter[m[K’ was not declared in this scope; did you mean ‘[01m[Kset_parameter[m[K’?
[1.170s]   113 |             [01;31m[KsetMotorParameter[m[K(1, 0x7016, speed); // Adjust motor speed
[1.170s]       |             [01;31m[K^~~~~~~~~~~~~~~~~[m[K
[1.170s]       |             [32m[Kset_parameter[m[K
[1.172s] [01m[K/home/lyb/Desktop/dev_ws/src/joy_to_can/src/joy_to_can_node.cpp:[m[K In member function ‘[01m[Kvoid JoyToCANNode::setMotorPosition(uint8_t, float)[m[K’:
[1.172s] [01m[K/home/lyb/Desktop/dev_ws/src/joy_to_can/src/joy_to_can_node.cpp:120:5:[m[K [01;31m[Kerror: [m[K‘[01m[Kcan_frame_t[m[K’ was not declared in this scope; did you mean ‘[01m[Kcan_frame[m[K’?
[1.172s]   120 |     [01;31m[Kcan_frame_t[m[K frame;
[1.172s]       |     [01;31m[K^~~~~~~~~~~[m[K
[1.172s]       |     [32m[Kcan_frame[m[K
[1.173s] [01m[K/home/lyb/Desktop/dev_ws/src/joy_to_can/src/joy_to_can_node.cpp:121:5:[m[K [01;31m[Kerror: [m[K‘[01m[Kframe[m[K’ was not declared in this scope
[1.173s]   121 |     [01;31m[Kframe[m[K.id = 0x7F; // 使用 motor_id 参数
[1.173s]       |     [01;31m[K^~~~~[m[K
[1.173s] [01m[K/home/lyb/Desktop/dev_ws/src/joy_to_can/src/joy_to_can_node.cpp:119:45:[m[K [01;35m[Kwarning: [m[Kunused parameter ‘[01m[Kmotor_id[m[K’ [[01;35m[K-Wunused-parameter[m[K]
[1.173s]   119 | void JoyToCANNode::setMotorPosition([01;35m[Kuint8_t motor_id[m[K, float position) {
[1.173s]       |                                     [01;35m[K~~~~~~~~^~~~~~~~[m[K
[1.174s] [01m[K/home/lyb/Desktop/dev_ws/src/joy_to_can/src/joy_to_can_node.cpp:[m[K In function ‘[01m[Kvoid setMotorParameter(uint8_t, uint16_t, float)[m[K’:
[1.174s] [01m[K/home/lyb/Desktop/dev_ws/src/joy_to_can/src/joy_to_can_node.cpp:139:5:[m[K [01;31m[Kerror: [m[K‘[01m[Kcan_frame_t[m[K’ was not declared in this scope; did you mean ‘[01m[Kcan_frame[m[K’?
[1.174s]   139 |     [01;31m[Kcan_frame_t[m[K frame;
[1.174s]       |     [01;31m[K^~~~~~~~~~~[m[K
[1.174s]       |     [32m[Kcan_frame[m[K
[1.175s] [01m[K/home/lyb/Desktop/dev_ws/src/joy_to_can/src/joy_to_can_node.cpp:140:5:[m[K [01;31m[Kerror: [m[K‘[01m[Kframe[m[K’ was not declared in this scope
[1.175s]   140 |     [01;31m[Kframe[m[K.id = 0x7F;  // Motor ID
[1.175s]       |     [01;31m[K^~~~~[m[K
[1.175s] [01m[K/home/lyb/Desktop/dev_ws/src/joy_to_can/src/joy_to_can_node.cpp:156:19:[m[K [01;31m[Kerror: [m[K‘[01m[Ksock_[m[K’ was not declared in this scope
[1.175s]   156 |     CAN_SendFrame([01;31m[Ksock_[m[K, &frame);
[1.175s]       |                   [01;31m[K^~~~~[m[K
[1.175s] [01m[K/home/lyb/Desktop/dev_ws/src/joy_to_can/src/joy_to_can_node.cpp:138:32:[m[K [01;35m[Kwarning: [m[Kunused parameter ‘[01m[Kmotor_id[m[K’ [[01;35m[K-Wunused-parameter[m[K]
[1.176s]   138 | void setMotorParameter([01;35m[Kuint8_t motor_id[m[K, uint16_t index, float value) {
[1.176s]       |                        [01;35m[K~~~~~~~~^~~~~~~~[m[K
[1.176s] [01m[K/home/lyb/Desktop/dev_ws/src/joy_to_can/src/joy_to_can_node.cpp:[m[K In function ‘[01m[Kvoid setMotorMode(uint8_t, uint16_t, uint8_t)[m[K’:
[1.176s] [01m[K/home/lyb/Desktop/dev_ws/src/joy_to_can/src/joy_to_can_node.cpp:160:5:[m[K [01;31m[Kerror: [m[K‘[01m[Kcan_frame_t[m[K’ was not declared in this scope; did you mean ‘[01m[Kcan_frame[m[K’?
[1.176s]   160 |     [01;31m[Kcan_frame_t[m[K frame;
[1.176s]       |     [01;31m[K^~~~~~~~~~~[m[K
[1.176s]       |     [32m[Kcan_frame[m[K
[1.177s] [01m[K/home/lyb/Desktop/dev_ws/src/joy_to_can/src/joy_to_can_node.cpp:161:5:[m[K [01;31m[Kerror: [m[K‘[01m[Kframe[m[K’ was not declared in this scope
[1.177s]   161 |     [01;31m[Kframe[m[K.id = 0x7F;
[1.177s]       |     [01;31m[K^~~~~[m[K
[1.178s] [01m[K/home/lyb/Desktop/dev_ws/src/joy_to_can/src/joy_to_can_node.cpp:170:19:[m[K [01;31m[Kerror: [m[K‘[01m[Ksock_[m[K’ was not declared in this scope
[1.178s]   170 |     CAN_SendFrame([01;31m[Ksock_[m[K, &frame);
[1.178s]       |                   [01;31m[K^~~~~[m[K
[1.178s] [01m[K/home/lyb/Desktop/dev_ws/src/joy_to_can/src/joy_to_can_node.cpp:159:27:[m[K [01;35m[Kwarning: [m[Kunused parameter ‘[01m[Kmotor_id[m[K’ [[01;35m[K-Wunused-parameter[m[K]
[1.178s]   159 | void setMotorMode([01;35m[Kuint8_t motor_id[m[K, uint16_t index, uint8_t mode) {
[1.178s]       |                   [01;35m[K~~~~~~~~^~~~~~~~[m[K
[1.464s] make[2]: *** [CMakeFiles/joy_to_can_node.dir/build.make:76: CMakeFiles/joy_to_can_node.dir/src/main.cpp.o] Error 1
[1.464s] make[2]: *** Waiting for unfinished jobs....
[2.451s] make[2]: *** [CMakeFiles/joy_to_can_node.dir/build.make:63: CMakeFiles/joy_to_can_node.dir/src/joy_to_can_node.cpp.o] Error 1
[2.451s] make[1]: *** [CMakeFiles/Makefile2:78: CMakeFiles/joy_to_can_node.dir/all] Error 2
[2.451s] make: *** [Makefile:141: all] Error 2
[2.456s] Invoked command in '/home/lyb/Desktop/dev_ws/build/joy_to_can' returned '2': CMAKE_PREFIX_PATH=${CMAKE_PREFIX_PATH}:/opt/ros/foxy /usr/bin/cmake --build /home/lyb/Desktop/dev_ws/build/joy_to_can -- -j8 -l8
