[0.015s] Invoking command in '/home/lyb/Desktop/dev_ws/build/joy_to_can': CMAKE_PREFIX_PATH=/opt/ros/foxy /usr/bin/cmake --build /home/lyb/Desktop/dev_ws/build/joy_to_can -- -j8 -l8
[0.066s] [35m[1mScanning dependencies of target joy_to_can_node[0m
[0.099s] [ 50%] [32mBuilding CXX object CMakeFiles/joy_to_can_node.dir/src/joy_to_can_node.cpp.o[0m
[3.432s] [100%] [32m[1mLinking CXX executable joy_to_can_node[0m
[3.618s] [100%] Built target joy_to_can_node
[3.630s] Invoked command in '/home/lyb/Desktop/dev_ws/build/joy_to_can' returned '0': CMAKE_PREFIX_PATH=/opt/ros/foxy /usr/bin/cmake --build /home/lyb/Desktop/dev_ws/build/joy_to_can -- -j8 -l8
[3.666s] Invoking command in '/home/lyb/Desktop/dev_ws/build/joy_to_can': CMAKE_PREFIX_PATH=/opt/ros/foxy /usr/bin/cmake --install /home/lyb/Desktop/dev_ws/build/joy_to_can
[3.676s] -- Install configuration: ""
[3.677s] -- Installing: /home/lyb/Desktop/dev_ws/install/joy_to_can/lib/joy_to_can/joy_to_can_node
[3.682s] -- Set runtime path of "/home/lyb/Desktop/dev_ws/install/joy_to_can/lib/joy_to_can/joy_to_can_node" to ""
[3.682s] -- Up-to-date: /home/lyb/Desktop/dev_ws/install/joy_to_can/share/ament_index/resource_index/package_run_dependencies/joy_to_can
[3.682s] -- Up-to-date: /home/lyb/Desktop/dev_ws/install/joy_to_can/share/ament_index/resource_index/parent_prefix_path/joy_to_can
[3.682s] -- Up-to-date: /home/lyb/Desktop/dev_ws/install/joy_to_can/share/joy_to_can/environment/ament_prefix_path.sh
[3.682s] -- Up-to-date: /home/lyb/Desktop/dev_ws/install/joy_to_can/share/joy_to_can/environment/ament_prefix_path.dsv
[3.682s] -- Up-to-date: /home/lyb/Desktop/dev_ws/install/joy_to_can/share/joy_to_can/environment/path.sh
[3.682s] -- Up-to-date: /home/lyb/Desktop/dev_ws/install/joy_to_can/share/joy_to_can/environment/path.dsv
[3.682s] -- Up-to-date: /home/lyb/Desktop/dev_ws/install/joy_to_can/share/joy_to_can/local_setup.bash
[3.683s] -- Up-to-date: /home/lyb/Desktop/dev_ws/install/joy_to_can/share/joy_to_can/local_setup.sh
[3.683s] -- Up-to-date: /home/lyb/Desktop/dev_ws/install/joy_to_can/share/joy_to_can/local_setup.zsh
[3.683s] -- Up-to-date: /home/lyb/Desktop/dev_ws/install/joy_to_can/share/joy_to_can/local_setup.dsv
[3.683s] -- Installing: /home/lyb/Desktop/dev_ws/install/joy_to_can/share/joy_to_can/package.dsv
[3.683s] -- Up-to-date: /home/lyb/Desktop/dev_ws/install/joy_to_can/share/ament_index/resource_index/packages/joy_to_can
[3.683s] -- Up-to-date: /home/lyb/Desktop/dev_ws/install/joy_to_can/share/joy_to_can/cmake/joy_to_canConfig.cmake
[3.684s] -- Up-to-date: /home/lyb/Desktop/dev_ws/install/joy_to_can/share/joy_to_can/cmake/joy_to_canConfig-version.cmake
[3.684s] -- Up-to-date: /home/lyb/Desktop/dev_ws/install/joy_to_can/share/joy_to_can/package.xml
[3.687s] Invoked command in '/home/lyb/Desktop/dev_ws/build/joy_to_can' returned '0': CMAKE_PREFIX_PATH=/opt/ros/foxy /usr/bin/cmake --install /home/lyb/Desktop/dev_ws/build/joy_to_can
