[0.029s] Invoking command in '/home/lyb/Desktop/dev_ws/build/ps_controller': CMAKE_PREFIX_PATH=/opt/ros/foxy /usr/bin/cmake --build /home/lyb/Desktop/dev_ws/build/ps_controller -- -j8 -l8
[0.061s] -- Found ament_cmake: 0.9.12 (/opt/ros/foxy/share/ament_cmake/cmake)
[0.093s] -- Using PYTHON_EXECUTABLE: /usr/bin/python3
[0.233s] -- Override CMake install command with custom implementation using symlinks instead of copying resources
[0.264s] -- Found rclcpp: 2.4.3 (/opt/ros/foxy/share/rclcpp/cmake)
[0.330s] -- Using all available rosidl_typesupport_c: rosidl_typesupport_fastrtps_c;rosidl_typesupport_introspection_c
[0.336s] -- Found rosidl_adapter: 1.3.1 (/opt/ros/foxy/share/rosidl_adapter/cmake)
[0.496s] -- Using all available rosidl_typesupport_cpp: rosidl_typesupport_fastrtps_cpp;rosidl_typesupport_introspection_cpp
[0.568s] -- Found rmw_implementation_cmake: 1.0.4 (/opt/ros/foxy/share/rmw_implementation_cmake/cmake)
[0.572s] -- Using RMW implementation 'rmw_fastrtps_cpp' as default
[0.730s] -- Found geometry_msgs: 2.0.5 (/opt/ros/foxy/share/geometry_msgs/cmake)
[0.765s] -- Found sensor_msgs: 2.0.5 (/opt/ros/foxy/share/sensor_msgs/cmake)
[0.819s] -- Found std_srvs: 2.0.5 (/opt/ros/foxy/share/std_srvs/cmake)
[0.838s] -- Found rclcpp_components: 2.4.3 (/opt/ros/foxy/share/rclcpp_components/cmake)
[0.910s] -- Found ament_lint_auto: 0.9.8 (/opt/ros/foxy/share/ament_lint_auto/cmake)
[0.978s] -- Added test 'cppcheck' to perform static code analysis on C / C++ code
[0.978s] -- Configured cppcheck include dirs: $<BUILD_INTERFACE:/home/lyb/Desktop/dev_ws/src/ps_controller/include>
[0.978s] -- Configured cppcheck exclude dirs and/or files: 
[0.978s] -- Added test 'flake8' to check Python code syntax and style conventions
[0.978s] -- Added test 'lint_cmake' to check CMake code style
[0.979s] -- Added test 'pep257' to check Python code against some of the style conventions in PEP 257
[0.979s] -- Added test 'uncrustify' to check C / C++ code style
[0.979s] -- Configured uncrustify additional arguments: 
[0.979s] -- Added test 'xmllint' to check XML markup files
[0.984s] -- Configuring done
[0.995s] -- Generating done
[0.998s] -- Build files have been written to: /home/lyb/Desktop/dev_ws/build/ps_controller
[1.038s] [35m[1mScanning dependencies of target joy_control[0m
[1.113s] [ 50%] [32mBuilding CXX object CMakeFiles/joy_control.dir/src/joy_control.cpp.o[0m
[8.189s] [ 50%] [32m[1mLinking CXX executable joy_control[0m
[8.480s] [ 50%] Built target joy_control
[8.497s] Invoked command in '/home/lyb/Desktop/dev_ws/build/ps_controller' returned '0': CMAKE_PREFIX_PATH=/opt/ros/foxy /usr/bin/cmake --build /home/lyb/Desktop/dev_ws/build/ps_controller -- -j8 -l8
[8.532s] Invoking command in '/home/lyb/Desktop/dev_ws/build/ps_controller': CMAKE_PREFIX_PATH=/opt/ros/foxy /usr/bin/cmake --install /home/lyb/Desktop/dev_ws/build/ps_controller
[8.540s] -- Install configuration: ""
[8.540s] -- Execute custom install script
[8.541s] -- Up-to-date symlink: /home/lyb/Desktop/dev_ws/install/ps_controller/lib/ps_controller/joy_control
[8.541s] -- Up-to-date symlink: /home/lyb/Desktop/dev_ws/install/ps_controller/share/ament_index/resource_index/package_run_dependencies/ps_controller
[8.542s] -- Up-to-date symlink: /home/lyb/Desktop/dev_ws/install/ps_controller/share/ament_index/resource_index/parent_prefix_path/ps_controller
[8.542s] -- Up-to-date symlink: /home/lyb/Desktop/dev_ws/install/ps_controller/share/ps_controller/environment/ament_prefix_path.sh
[8.542s] -- Up-to-date symlink: /home/lyb/Desktop/dev_ws/install/ps_controller/share/ps_controller/environment/ament_prefix_path.dsv
[8.543s] -- Up-to-date symlink: /home/lyb/Desktop/dev_ws/install/ps_controller/share/ps_controller/environment/path.sh
[8.543s] -- Up-to-date symlink: /home/lyb/Desktop/dev_ws/install/ps_controller/share/ps_controller/environment/path.dsv
[8.543s] -- Up-to-date symlink: /home/lyb/Desktop/dev_ws/install/ps_controller/share/ps_controller/local_setup.bash
[8.543s] -- Up-to-date symlink: /home/lyb/Desktop/dev_ws/install/ps_controller/share/ps_controller/local_setup.sh
[8.543s] -- Up-to-date symlink: /home/lyb/Desktop/dev_ws/install/ps_controller/share/ps_controller/local_setup.zsh
[8.544s] -- Up-to-date symlink: /home/lyb/Desktop/dev_ws/install/ps_controller/share/ps_controller/local_setup.dsv
[8.544s] -- Symlinking: /home/lyb/Desktop/dev_ws/install/ps_controller/share/ps_controller/package.dsv
[8.556s] -- Up-to-date symlink: /home/lyb/Desktop/dev_ws/install/ps_controller/share/ament_index/resource_index/packages/ps_controller
[8.556s] -- Up-to-date symlink: /home/lyb/Desktop/dev_ws/install/ps_controller/share/ps_controller/cmake/ps_controllerConfig.cmake
[8.556s] -- Up-to-date symlink: /home/lyb/Desktop/dev_ws/install/ps_controller/share/ps_controller/cmake/ps_controllerConfig-version.cmake
[8.557s] -- Up-to-date symlink: /home/lyb/Desktop/dev_ws/install/ps_controller/share/ps_controller/package.xml
[8.561s] Invoked command in '/home/lyb/Desktop/dev_ws/build/ps_controller' returned '0': CMAKE_PREFIX_PATH=/opt/ros/foxy /usr/bin/cmake --install /home/lyb/Desktop/dev_ws/build/ps_controller
