[0.020s] Invoking command in '/home/lyb/Desktop/dev_ws/build/joy_to_can': CMAKE_PREFIX_PATH=${CMAKE_PREFIX_PATH}:/opt/ros/foxy /usr/bin/cmake --build /home/lyb/Desktop/dev_ws/build/joy_to_can -- -j8 -l8
[0.072s] [35m[1mScanning dependencies of target joy_to_can_node[0m
[0.108s] [ 33%] [32mBuilding CXX object CMakeFiles/joy_to_can_node.dir/src/joy_to_can_node.cpp.o[0m
[1.199s] [01m[K/home/lyb/Desktop/dev_ws/src/joy_to_can/src/joy_to_can_node.cpp:[m[K In member function ‘[01m[Kvoid JoyToCANNode::joy_callback(sensor_msgs::msg::Joy_<std::allocator<void> >::SharedPtr)[m[K’:
[1.199s] [01m[K/home/lyb/Desktop/dev_ws/src/joy_to_can/src/joy_to_can_node.cpp:103:9:[m[K [01;31m[Kerror: [m[K‘[01m[KsetMotorParameter[m[K’ was not declared in this scope; did you mean ‘[01m[Kset_parameter[m[K’?
[1.199s]   103 |         [01;31m[KsetMotorParameter[m[K(sock_, 1, 0x7016, speed);
[1.199s]       |         [01;31m[K^~~~~~~~~~~~~~~~~[m[K
[1.199s]       |         [32m[Kset_parameter[m[K
[1.201s] [01m[K/home/lyb/Desktop/dev_ws/src/joy_to_can/src/joy_to_can_node.cpp:108:9:[m[K [01;31m[Kerror: [m[K‘[01m[KsetMotorParameter[m[K’ was not declared in this scope; did you mean ‘[01m[Kset_parameter[m[K’?
[1.201s]   108 |         [01;31m[KsetMotorParameter[m[K(sock_, 1, 0x7016, position);
[1.201s]       |         [01;31m[K^~~~~~~~~~~~~~~~~[m[K
[1.201s]       |         [32m[Kset_parameter[m[K
[1.201s] [01m[K/home/lyb/Desktop/dev_ws/src/joy_to_can/src/joy_to_can_node.cpp:[m[K In member function ‘[01m[Kvoid JoyToCANNode::setMotorPosition(uint8_t, float)[m[K’:
[1.201s] [01m[K/home/lyb/Desktop/dev_ws/src/joy_to_can/src/joy_to_can_node.cpp:114:45:[m[K [01;35m[Kwarning: [m[Kunused parameter ‘[01m[Kmotor_id[m[K’ [[01;35m[K-Wunused-parameter[m[K]
[1.201s]   114 | void JoyToCANNode::setMotorPosition([01;35m[Kuint8_t motor_id[m[K, float position) {
[1.201s]       |                                     [01;35m[K~~~~~~~~^~~~~~~~[m[K
[1.203s] [01m[K/home/lyb/Desktop/dev_ws/src/joy_to_can/src/joy_to_can_node.cpp:[m[K In function ‘[01m[Kvoid setMotorParameter(uint8_t, uint16_t, float)[m[K’:
[1.203s] [01m[K/home/lyb/Desktop/dev_ws/src/joy_to_can/src/joy_to_can_node.cpp:151:19:[m[K [01;31m[Kerror: [m[K‘[01m[Ksock_[m[K’ was not declared in this scope
[1.203s]   151 |     CAN_SendFrame([01;31m[Ksock_[m[K, &frame);
[1.203s]       |                   [01;31m[K^~~~~[m[K
[1.203s] [01m[K/home/lyb/Desktop/dev_ws/src/joy_to_can/src/joy_to_can_node.cpp:133:32:[m[K [01;35m[Kwarning: [m[Kunused parameter ‘[01m[Kmotor_id[m[K’ [[01;35m[K-Wunused-parameter[m[K]
[1.203s]   133 | void setMotorParameter([01;35m[Kuint8_t motor_id[m[K, uint16_t index, float value) {
[1.203s]       |                        [01;35m[K~~~~~~~~^~~~~~~~[m[K
[1.204s] [01m[K/home/lyb/Desktop/dev_ws/src/joy_to_can/src/joy_to_can_node.cpp:[m[K In function ‘[01m[Kvoid setMotorMode(uint8_t, uint16_t, uint8_t)[m[K’:
[1.204s] [01m[K/home/lyb/Desktop/dev_ws/src/joy_to_can/src/joy_to_can_node.cpp:165:19:[m[K [01;31m[Kerror: [m[K‘[01m[Ksock_[m[K’ was not declared in this scope
[1.204s]   165 |     CAN_SendFrame([01;31m[Ksock_[m[K, &frame);
[1.204s]       |                   [01;31m[K^~~~~[m[K
[1.204s] [01m[K/home/lyb/Desktop/dev_ws/src/joy_to_can/src/joy_to_can_node.cpp:154:27:[m[K [01;35m[Kwarning: [m[Kunused parameter ‘[01m[Kmotor_id[m[K’ [[01;35m[K-Wunused-parameter[m[K]
[1.204s]   154 | void setMotorMode([01;35m[Kuint8_t motor_id[m[K, uint16_t index, uint8_t mode) {
[1.204s]       |                   [01;35m[K~~~~~~~~^~~~~~~~[m[K
[2.406s] make[2]: *** [CMakeFiles/joy_to_can_node.dir/build.make:63: CMakeFiles/joy_to_can_node.dir/src/joy_to_can_node.cpp.o] Error 1
[2.406s] make[1]: *** [CMakeFiles/Makefile2:78: CMakeFiles/joy_to_can_node.dir/all] Error 2
[2.406s] make: *** [Makefile:141: all] Error 2
[2.409s] Invoked command in '/home/lyb/Desktop/dev_ws/build/joy_to_can' returned '2': CMAKE_PREFIX_PATH=${CMAKE_PREFIX_PATH}:/opt/ros/foxy /usr/bin/cmake --build /home/lyb/Desktop/dev_ws/build/joy_to_can -- -j8 -l8
