-- Found ament_cmake: 0.9.12 (/opt/ros/foxy/share/ament_cmake/cmake)
-- Using PYTHON_EXECUTABLE: /usr/bin/python3
-- Override CMake install command with custom implementation using symlinks instead of copying resources
-- Found rclcpp: 2.4.3 (/opt/ros/foxy/share/rclcpp/cmake)
-- Using all available rosidl_typesupport_c: rosidl_typesupport_fastrtps_c;rosidl_typesupport_introspection_c
-- Found rosidl_adapter: 1.3.1 (/opt/ros/foxy/share/rosidl_adapter/cmake)
-- Using all available rosidl_typesupport_cpp: rosidl_typesupport_fastrtps_cpp;rosidl_typesupport_introspection_cpp
-- Found rmw_implementation_cmake: 1.0.4 (/opt/ros/foxy/share/rmw_implementation_cmake/cmake)
-- Using RMW implementation 'rmw_fastrtps_cpp' as default
-- Found geometry_msgs: 2.0.5 (/opt/ros/foxy/share/geometry_msgs/cmake)
-- Found sensor_msgs: 2.0.5 (/opt/ros/foxy/share/sensor_msgs/cmake)
-- Found std_srvs: 2.0.5 (/opt/ros/foxy/share/std_srvs/cmake)
-- Found rclcpp_components: 2.4.3 (/opt/ros/foxy/share/rclcpp_components/cmake)
-- Found ament_lint_auto: 0.9.8 (/opt/ros/foxy/share/ament_lint_auto/cmake)
-- Added test 'cppcheck' to perform static code analysis on C / C++ code
-- Configured cppcheck include dirs: $<BUILD_INTERFACE:/home/lyb/Desktop/dev_ws/src/ps_controller/include>
-- Configured cppcheck exclude dirs and/or files: 
-- Added test 'lint_cmake' to check CMake code style
-- Added test 'uncrustify' to check C / C++ code style
-- Configured uncrustify additional arguments: 
-- Added test 'xmllint' to check XML markup files
-- Configuring done
-- Generating done
-- Build files have been written to: /home/lyb/Desktop/dev_ws/build/ps_controller
[35m[1mScanning dependencies of target joy_control[0m
[ 50%] [32mBuilding CXX object CMakeFiles/joy_control.dir/src/joy_control.cpp.o[0m
[ 50%] [32m[1mLinking CXX executable joy_control[0m
/usr/bin/ld: CMakeFiles/joy_control.dir/src/joy_control.cpp.o: in function `rclcpp::Client<std_srvs::srv::Empty>::Client(rclcpp::node_interfaces::NodeBaseInterface*, std::shared_ptr<rclcpp::node_interfaces::NodeGraphInterface>, std::__cxx11::basic_string<char, std::char_traits<char>, std::allocator<char> > const&, rcl_client_options_t&)':
joy_control.cpp:(.text._ZN6rclcpp6ClientIN8std_srvs3srv5EmptyEEC2EPNS_15node_interfaces17NodeBaseInterfaceESt10shared_ptrINS5_18NodeGraphInterfaceEERKNSt7__cxx1112basic_stringIcSt11char_traitsIcESaIcEEER20rcl_client_options_t[_ZN6rclcpp6ClientIN8std_srvs3srv5EmptyEEC5EPNS_15node_interfaces17NodeBaseInterfaceESt10shared_ptrINS5_18NodeGraphInterfaceEERKNSt7__cxx1112basic_stringIcSt11char_traitsIcESaIcEEER20rcl_client_options_t]+0xc4): undefined reference to `rosidl_service_type_support_t const* rosidl_typesupport_cpp::get_service_type_support_handle<std_srvs::srv::Empty>()'
collect2: error: ld returned 1 exit status
make[2]: *** [CMakeFiles/joy_control.dir/build.make:150: joy_control] Error 1
make[1]: *** [CMakeFiles/Makefile2:78: CMakeFiles/joy_control.dir/all] Error 2
make: *** [Makefile:141: all] Error 2
