[0.025s] Invoking command in '/home/lyb/Desktop/dev_ws/build/ps_controller': CMAKE_PREFIX_PATH=/opt/ros/foxy /usr/bin/cmake --build /home/lyb/Desktop/dev_ws/build/ps_controller -- -j8 -l8
[0.080s] [ 50%] Built target joy_control
[0.095s] Invoked command in '/home/lyb/Desktop/dev_ws/build/ps_controller' returned '0': CMAKE_PREFIX_PATH=/opt/ros/foxy /usr/bin/cmake --build /home/lyb/Desktop/dev_ws/build/ps_controller -- -j8 -l8
[0.144s] Invoking command in '/home/lyb/Desktop/dev_ws/build/ps_controller': CMAKE_PREFIX_PATH=/opt/ros/foxy /usr/bin/cmake --install /home/lyb/Desktop/dev_ws/build/ps_controller
[0.153s] -- Install configuration: ""
[0.153s] -- Execute custom install script
[0.154s] -- Up-to-date symlink: /home/lyb/Desktop/dev_ws/install/ps_controller/lib/ps_controller/joy_control
[0.154s] -- Up-to-date symlink: /home/lyb/Desktop/dev_ws/install/ps_controller/share/ament_index/resource_index/package_run_dependencies/ps_controller
[0.154s] -- Up-to-date symlink: /home/lyb/Desktop/dev_ws/install/ps_controller/share/ament_index/resource_index/parent_prefix_path/ps_controller
[0.155s] -- Up-to-date symlink: /home/lyb/Desktop/dev_ws/install/ps_controller/share/ps_controller/environment/ament_prefix_path.sh
[0.155s] -- Up-to-date symlink: /home/lyb/Desktop/dev_ws/install/ps_controller/share/ps_controller/environment/ament_prefix_path.dsv
[0.155s] -- Up-to-date symlink: /home/lyb/Desktop/dev_ws/install/ps_controller/share/ps_controller/environment/path.sh
[0.155s] -- Up-to-date symlink: /home/lyb/Desktop/dev_ws/install/ps_controller/share/ps_controller/environment/path.dsv
[0.155s] -- Up-to-date symlink: /home/lyb/Desktop/dev_ws/install/ps_controller/share/ps_controller/local_setup.bash
[0.156s] -- Up-to-date symlink: /home/lyb/Desktop/dev_ws/install/ps_controller/share/ps_controller/local_setup.sh
[0.156s] -- Up-to-date symlink: /home/lyb/Desktop/dev_ws/install/ps_controller/share/ps_controller/local_setup.zsh
[0.156s] -- Up-to-date symlink: /home/lyb/Desktop/dev_ws/install/ps_controller/share/ps_controller/local_setup.dsv
[0.156s] -- Symlinking: /home/lyb/Desktop/dev_ws/install/ps_controller/share/ps_controller/package.dsv
[0.168s] -- Up-to-date symlink: /home/lyb/Desktop/dev_ws/install/ps_controller/share/ament_index/resource_index/packages/ps_controller
[0.168s] -- Up-to-date symlink: /home/lyb/Desktop/dev_ws/install/ps_controller/share/ps_controller/cmake/ps_controllerConfig.cmake
[0.169s] -- Up-to-date symlink: /home/lyb/Desktop/dev_ws/install/ps_controller/share/ps_controller/cmake/ps_controllerConfig-version.cmake
[0.169s] -- Up-to-date symlink: /home/lyb/Desktop/dev_ws/install/ps_controller/share/ps_controller/package.xml
[0.170s] Invoked command in '/home/lyb/Desktop/dev_ws/build/ps_controller' returned '0': CMAKE_PREFIX_PATH=/opt/ros/foxy /usr/bin/cmake --install /home/lyb/Desktop/dev_ws/build/ps_controller
