[0.020s] Invoking command in '/home/lyb/Desktop/dev_ws/build/joy_to_can': CMAKE_PREFIX_PATH=${CMAKE_PREFIX_PATH}:/opt/ros/foxy /usr/bin/cmake --build /home/lyb/Desktop/dev_ws/build/joy_to_can -- -j8 -l8
[0.070s] [35m[1mScanning dependencies of target joy_to_can_node[0m
[0.105s] [ 66%] [32mBuilding CXX object CMakeFiles/joy_to_can_node.dir/src/main.cpp.o[0m
[0.105s] [ 66%] [32mBuilding CXX object CMakeFiles/joy_to_can_node.dir/src/joy_to_can_node.cpp.o[0m
[1.133s] In file included from [01m[K/home/lyb/Desktop/dev_ws/src/joy_to_can/src/main.cpp:2[m[K:
[1.134s] [01m[K/home/lyb/Desktop/dev_ws/src/joy_to_can/include/joy_to_can/joy_to_can_node.hpp:24:10:[m[K [01;31m[Kerror: [m[K‘[01m[Kvoid JoyToCANNode::setMotorPosition(uint8_t, float)[m[K’ cannot be overloaded with ‘[01m[Kvoid JoyToCANNode::setMotorPosition(uint8_t, float)[m[K’
[1.134s]    24 |     void [01;31m[KsetMotorPosition[m[K(uint8_t motor_id, float position);
[1.134s]       |          [01;31m[K^~~~~~~~~~~~~~~~[m[K
[1.134s] [01m[K/home/lyb/Desktop/dev_ws/src/joy_to_can/include/joy_to_can/joy_to_can_node.hpp:13:11:[m[K [01;36m[Knote: [m[Kprevious declaration ‘[01m[Kvoid JoyToCANNode::setMotorPosition(uint8_t, float)[m[K’
[1.134s]    13 |      void [01;36m[KsetMotorPosition[m[K(uint8_t motor_id, float position); // 确保声明与定义匹配
[1.134s]       |           [01;36m[K^~~~~~~~~~~~~~~~[m[K
[1.197s] In file included from [01m[K/home/lyb/Desktop/dev_ws/src/joy_to_can/src/joy_to_can_node.cpp:1[m[K:
[1.198s] [01m[K/home/lyb/Desktop/dev_ws/src/joy_to_can/include/joy_to_can/joy_to_can_node.hpp:24:10:[m[K [01;31m[Kerror: [m[K‘[01m[Kvoid JoyToCANNode::setMotorPosition(uint8_t, float)[m[K’ cannot be overloaded with ‘[01m[Kvoid JoyToCANNode::setMotorPosition(uint8_t, float)[m[K’
[1.198s]    24 |     void [01;31m[KsetMotorPosition[m[K(uint8_t motor_id, float position);
[1.198s]       |          [01;31m[K^~~~~~~~~~~~~~~~[m[K
[1.198s] [01m[K/home/lyb/Desktop/dev_ws/src/joy_to_can/include/joy_to_can/joy_to_can_node.hpp:13:11:[m[K [01;36m[Knote: [m[Kprevious declaration ‘[01m[Kvoid JoyToCANNode::setMotorPosition(uint8_t, float)[m[K’
[1.198s]    13 |      void [01;36m[KsetMotorPosition[m[K(uint8_t motor_id, float position); // 确保声明与定义匹配
[1.198s]       |           [01;36m[K^~~~~~~~~~~~~~~~[m[K
[1.214s] [01m[K/home/lyb/Desktop/dev_ws/src/joy_to_can/src/joy_to_can_node.cpp:[m[K In member function ‘[01m[Kvoid JoyToCANNode::joy_callback(sensor_msgs::msg::Joy_<std::allocator<void> >::SharedPtr)[m[K’:
[1.214s] [01m[K/home/lyb/Desktop/dev_ws/src/joy_to_can/src/joy_to_can_node.cpp:96:41:[m[K [01;31m[Kerror: [m[Kno matching function for call to ‘[01m[KJoyToCANNode::setMotorMode(int&, int, int, int)[m[K’
[1.214s]    96 |         setMotorMode(sock_, 1, 0x7005, 2[01;31m[K)[m[K; // 设置为速度模式
[1.214s]       |                                         [01;31m[K^[m[K
[1.214s] In file included from [01m[K/home/lyb/Desktop/dev_ws/src/joy_to_can/src/joy_to_can_node.cpp:1[m[K:
[1.214s] [01m[K/home/lyb/Desktop/dev_ws/src/joy_to_can/include/joy_to_can/joy_to_can_node.hpp:14:11:[m[K [01;36m[Knote: [m[Kcandidate: ‘[01m[Kvoid JoyToCANNode::setMotorMode(uint8_t, uint16_t, uint8_t)[m[K’
[1.214s]    14 |      void [01;36m[KsetMotorMode[m[K(uint8_t motor_id, uint16_t index, uint8_t mode); // 确保声明与定义匹配
[1.214s]       |           [01;36m[K^~~~~~~~~~~~[m[K
[1.214s] [01m[K/home/lyb/Desktop/dev_ws/src/joy_to_can/include/joy_to_can/joy_to_can_node.hpp:14:11:[m[K [01;36m[Knote: [m[K  candidate expects 3 arguments, 4 provided
[1.214s] [01m[K/home/lyb/Desktop/dev_ws/src/joy_to_can/src/joy_to_can_node.cpp:100:41:[m[K [01;31m[Kerror: [m[Kno matching function for call to ‘[01m[KJoyToCANNode::setMotorMode(int&, int, int, int)[m[K’
[1.214s]   100 |         setMotorMode(sock_, 1, 0x7005, 3[01;31m[K)[m[K; // 设置为位置模式
[1.214s]       |                                         [01;31m[K^[m[K
[1.214s] In file included from [01m[K/home/lyb/Desktop/dev_ws/src/joy_to_can/src/joy_to_can_node.cpp:1[m[K:
[1.214s] [01m[K/home/lyb/Desktop/dev_ws/src/joy_to_can/include/joy_to_can/joy_to_can_node.hpp:14:11:[m[K [01;36m[Knote: [m[Kcandidate: ‘[01m[Kvoid JoyToCANNode::setMotorMode(uint8_t, uint16_t, uint8_t)[m[K’
[1.215s]    14 |      void [01;36m[KsetMotorMode[m[K(uint8_t motor_id, uint16_t index, uint8_t mode); // 确保声明与定义匹配
[1.215s]       |           [01;36m[K^~~~~~~~~~~~[m[K
[1.215s] [01m[K/home/lyb/Desktop/dev_ws/src/joy_to_can/include/joy_to_can/joy_to_can_node.hpp:14:11:[m[K [01;36m[Knote: [m[K  candidate expects 3 arguments, 4 provided
[1.217s] [01m[K/home/lyb/Desktop/dev_ws/src/joy_to_can/src/joy_to_can_node.cpp:105:9:[m[K [01;31m[Kerror: [m[K‘[01m[KsetMotorParameter[m[K’ was not declared in this scope; did you mean ‘[01m[Kset_parameter[m[K’?
[1.217s]   105 |         [01;31m[KsetMotorParameter[m[K(sock_, 1, 0x7016, speed);
[1.217s]       |         [01;31m[K^~~~~~~~~~~~~~~~~[m[K
[1.217s]       |         [32m[Kset_parameter[m[K
[1.220s] [01m[K/home/lyb/Desktop/dev_ws/src/joy_to_can/src/joy_to_can_node.cpp:110:9:[m[K [01;31m[Kerror: [m[K‘[01m[KsetMotorParameter[m[K’ was not declared in this scope; did you mean ‘[01m[Kset_parameter[m[K’?
[1.220s]   110 |         [01;31m[KsetMotorParameter[m[K(sock_, 1, 0x7016, position);
[1.220s]       |         [01;31m[K^~~~~~~~~~~~~~~~~[m[K
[1.220s]       |         [32m[Kset_parameter[m[K
[1.220s] [01m[K/home/lyb/Desktop/dev_ws/src/joy_to_can/src/joy_to_can_node.cpp:[m[K In member function ‘[01m[Kvoid JoyToCANNode::setMotorPosition(uint8_t, float)[m[K’:
[1.220s] [01m[K/home/lyb/Desktop/dev_ws/src/joy_to_can/src/joy_to_can_node.cpp:116:45:[m[K [01;35m[Kwarning: [m[Kunused parameter ‘[01m[Kmotor_id[m[K’ [[01;35m[K-Wunused-parameter[m[K]
[1.220s]   116 | void JoyToCANNode::setMotorPosition([01;35m[Kuint8_t motor_id[m[K, float position) {
[1.220s]       |                                     [01;35m[K~~~~~~~~^~~~~~~~[m[K
[1.221s] [01m[K/home/lyb/Desktop/dev_ws/src/joy_to_can/src/joy_to_can_node.cpp:[m[K In function ‘[01m[Kvoid setMotorParameter(uint8_t, uint16_t, float)[m[K’:
[1.221s] [01m[K/home/lyb/Desktop/dev_ws/src/joy_to_can/src/joy_to_can_node.cpp:153:19:[m[K [01;31m[Kerror: [m[K‘[01m[Ksock_[m[K’ was not declared in this scope
[1.221s]   153 |     CAN_SendFrame([01;31m[Ksock_[m[K, &frame);
[1.221s]       |                   [01;31m[K^~~~~[m[K
[1.221s] [01m[K/home/lyb/Desktop/dev_ws/src/joy_to_can/src/joy_to_can_node.cpp:135:32:[m[K [01;35m[Kwarning: [m[Kunused parameter ‘[01m[Kmotor_id[m[K’ [[01;35m[K-Wunused-parameter[m[K]
[1.221s]   135 | void setMotorParameter([01;35m[Kuint8_t motor_id[m[K, uint16_t index, float value) {
[1.221s]       |                        [01;35m[K~~~~~~~~^~~~~~~~[m[K
[1.222s] [01m[K/home/lyb/Desktop/dev_ws/src/joy_to_can/src/joy_to_can_node.cpp:[m[K In function ‘[01m[Kvoid setMotorMode(uint8_t, uint16_t, uint8_t)[m[K’:
[1.222s] [01m[K/home/lyb/Desktop/dev_ws/src/joy_to_can/src/joy_to_can_node.cpp:167:19:[m[K [01;31m[Kerror: [m[K‘[01m[Ksock_[m[K’ was not declared in this scope
[1.222s]   167 |     CAN_SendFrame([01;31m[Ksock_[m[K, &frame);
[1.222s]       |                   [01;31m[K^~~~~[m[K
[1.222s] [01m[K/home/lyb/Desktop/dev_ws/src/joy_to_can/src/joy_to_can_node.cpp:156:27:[m[K [01;35m[Kwarning: [m[Kunused parameter ‘[01m[Kmotor_id[m[K’ [[01;35m[K-Wunused-parameter[m[K]
[1.223s]   156 | void setMotorMode([01;35m[Kuint8_t motor_id[m[K, uint16_t index, uint8_t mode) {
[1.223s]       |                   [01;35m[K~~~~~~~~^~~~~~~~[m[K
[1.466s] make[2]: *** [CMakeFiles/joy_to_can_node.dir/build.make:76: CMakeFiles/joy_to_can_node.dir/src/main.cpp.o] Error 1
[1.466s] make[2]: *** Waiting for unfinished jobs....
[2.498s] make[2]: *** [CMakeFiles/joy_to_can_node.dir/build.make:63: CMakeFiles/joy_to_can_node.dir/src/joy_to_can_node.cpp.o] Error 1
[2.498s] make[1]: *** [CMakeFiles/Makefile2:78: CMakeFiles/joy_to_can_node.dir/all] Error 2
[2.498s] make: *** [Makefile:141: all] Error 2
[2.502s] Invoked command in '/home/lyb/Desktop/dev_ws/build/joy_to_can' returned '2': CMAKE_PREFIX_PATH=${CMAKE_PREFIX_PATH}:/opt/ros/foxy /usr/bin/cmake --build /home/lyb/Desktop/dev_ws/build/joy_to_can -- -j8 -l8
