[01m[K/home/lyb/Desktop/dev_ws/src/joy_to_can/src/joy_to_can_node.cpp:[m[K In member function ‘[01m[Kvoid JoyToCANNode::joy_callback(sensor_msgs::msg::Joy_<std::allocator<void> >::SharedPtr)[m[K’:
[01m[K/home/lyb/Desktop/dev_ws/src/joy_to_can/src/joy_to_can_node.cpp:108:45:[m[K [01;31m[Kerror: [m[K‘[01m[KP_MAX[m[K’ was not declared in this scope; did you mean ‘[01m[KPF_MAX[m[K’?
  108 |             float position = msg->axes[1] * [01;31m[KP_MAX[m[K; // Scale joystick input
      |                                             [01;31m[K^~~~~[m[K
      |                                             [32m[KPF_MAX[m[K
[01m[K/home/lyb/Desktop/dev_ws/src/joy_to_can/src/joy_to_can_node.cpp:112:42:[m[K [01;31m[Kerror: [m[K‘[01m[KV_MAX[m[K’ was not declared in this scope; did you mean ‘[01m[KAF_MAX[m[K’?
  112 |             float speed = msg->axes[1] * [01;31m[KV_MAX[m[K; // Scale joystick input
      |                                          [01;31m[K^~~~~[m[K
      |                                          [32m[KAF_MAX[m[K
[01m[K/home/lyb/Desktop/dev_ws/src/joy_to_can/src/joy_to_can_node.cpp:[m[K At global scope:
[01m[K/home/lyb/Desktop/dev_ws/src/joy_to_can/src/joy_to_can_node.cpp:119:6:[m[K [01;31m[Kerror: [m[Kno declaration matches ‘[01m[Kvoid JoyToCANNode::setMotorPosition(uint8_t, float)[m[K’
  119 | void [01;31m[KJoyToCANNode[m[K::setMotorPosition(uint8_t motor_id, float position) {
      |      [01;31m[K^~~~~~~~~~~~[m[K
[01m[K/home/lyb/Desktop/dev_ws/src/joy_to_can/src/joy_to_can_node.cpp:119:6:[m[K [01;36m[Knote: [m[Kno functions named ‘[01m[Kvoid JoyToCANNode::setMotorPosition(uint8_t, float)[m[K’
In file included from [01m[K/home/lyb/Desktop/dev_ws/src/joy_to_can/src/joy_to_can_node.cpp:1[m[K:
[01m[K/home/lyb/Desktop/dev_ws/src/joy_to_can/include/joy_to_can/joy_to_can_node.hpp:8:7:[m[K [01;36m[Knote: [m[K‘[01m[Kclass JoyToCANNode[m[K’ defined here
    8 | class [01;36m[KJoyToCANNode[m[K : public rclcpp::Node {
      |       [01;36m[K^~~~~~~~~~~~[m[K
[01m[K/home/lyb/Desktop/dev_ws/src/joy_to_can/src/joy_to_can_node.cpp:[m[K In function ‘[01m[Kvoid setMotorParameter(uint8_t, uint16_t, float)[m[K’:
[01m[K/home/lyb/Desktop/dev_ws/src/joy_to_can/src/joy_to_can_node.cpp:156:19:[m[K [01;31m[Kerror: [m[K‘[01m[Ksock_[m[K’ was not declared in this scope
  156 |     CAN_SendFrame([01;31m[Ksock_[m[K, &frame);
      |                   [01;31m[K^~~~~[m[K
[01m[K/home/lyb/Desktop/dev_ws/src/joy_to_can/src/joy_to_can_node.cpp:138:32:[m[K [01;35m[Kwarning: [m[Kunused parameter ‘[01m[Kmotor_id[m[K’ [[01;35m[K-Wunused-parameter[m[K]
  138 | void setMotorParameter([01;35m[Kuint8_t motor_id[m[K, uint16_t index, float value) {
      |                        [01;35m[K~~~~~~~~^~~~~~~~[m[K
[01m[K/home/lyb/Desktop/dev_ws/src/joy_to_can/src/joy_to_can_node.cpp:[m[K In function ‘[01m[Kvoid setMotorMode(uint8_t, uint16_t, uint8_t)[m[K’:
[01m[K/home/lyb/Desktop/dev_ws/src/joy_to_can/src/joy_to_can_node.cpp:170:19:[m[K [01;31m[Kerror: [m[K‘[01m[Ksock_[m[K’ was not declared in this scope
  170 |     CAN_SendFrame([01;31m[Ksock_[m[K, &frame);
      |                   [01;31m[K^~~~~[m[K
[01m[K/home/lyb/Desktop/dev_ws/src/joy_to_can/src/joy_to_can_node.cpp:159:27:[m[K [01;35m[Kwarning: [m[Kunused parameter ‘[01m[Kmotor_id[m[K’ [[01;35m[K-Wunused-parameter[m[K]
  159 | void setMotorMode([01;35m[Kuint8_t motor_id[m[K, uint16_t index, uint8_t mode) {
      |                   [01;35m[K~~~~~~~~^~~~~~~~[m[K
make[2]: *** [CMakeFiles/joy_to_can_node.dir/build.make:63: CMakeFiles/joy_to_can_node.dir/src/joy_to_can_node.cpp.o] Error 1
make[1]: *** [CMakeFiles/Makefile2:78: CMakeFiles/joy_to_can_node.dir/all] Error 2
make: *** [Makefile:141: all] Error 2
