[0.026s] Invoking command in '/home/lyb/Desktop/dev_ws/build/joy_to_can': CMAKE_PREFIX_PATH=${CMAKE_PREFIX_PATH}:/opt/ros/foxy /usr/bin/cmake --build /home/lyb/Desktop/dev_ws/build/joy_to_can -- -j8 -l8
[0.079s] [35m[1mScanning dependencies of target joy_to_can_node[0m
[0.127s] [ 66%] [32mBuilding CXX object CMakeFiles/joy_to_can_node.dir/src/joy_to_can_node.cpp.o[0m
[0.129s] [ 66%] [32mBuilding CXX object CMakeFiles/joy_to_can_node.dir/src/main.cpp.o[0m
[1.584s] [01m[K/home/lyb/Desktop/dev_ws/src/joy_to_can/src/joy_to_can_node.cpp:[m[K In member function ‘[01m[Kvoid JoyToCANNode::handleAxesMovement(float)[m[K’:
[1.585s] [01m[K/home/lyb/Desktop/dev_ws/src/joy_to_can/src/joy_to_can_node.cpp:188:14:[m[K [01;31m[Kerror: [m[Kjump to case label
[1.585s]   188 |         case [01;31m[K2[m[K: // 速度模式
[1.585s]       |              [01;31m[K^[m[K
[1.585s] [01m[K/home/lyb/Desktop/dev_ws/src/joy_to_can/src/joy_to_can_node.cpp:185:19:[m[K [01;36m[Knote: [m[K  crosses initialization of ‘[01m[Kfloat position[m[K’
[1.585s]   185 |             float [01;36m[Kposition[m[K = axisValue * P_MAX; // 调整位置
[1.585s]       |                   [01;36m[K^~~~~~~~[m[K
[1.585s] [01m[K/home/lyb/Desktop/dev_ws/src/joy_to_can/src/joy_to_can_node.cpp:192:9:[m[K [01;31m[Kerror: [m[Kjump to case label
[1.585s]   192 |         [01;31m[Kdefault[m[K:
[1.585s]       |         [01;31m[K^~~~~~~[m[K
[1.585s] [01m[K/home/lyb/Desktop/dev_ws/src/joy_to_can/src/joy_to_can_node.cpp:189:19:[m[K [01;36m[Knote: [m[K  crosses initialization of ‘[01m[Kfloat speed[m[K’
[1.585s]   189 |             float [01;36m[Kspeed[m[K = axisValue * V_MAX; // 调整速度
[1.585s]       |                   [01;36m[K^~~~~[m[K
[1.585s] [01m[K/home/lyb/Desktop/dev_ws/src/joy_to_can/src/joy_to_can_node.cpp:185:19:[m[K [01;36m[Knote: [m[K  crosses initialization of ‘[01m[Kfloat position[m[K’
[1.586s]   185 |             float [01;36m[Kposition[m[K = axisValue * P_MAX; // 调整位置
[1.586s]       |                   [01;36m[K^~~~~~~~[m[K
[3.512s] make[2]: *** [CMakeFiles/joy_to_can_node.dir/build.make:63: CMakeFiles/joy_to_can_node.dir/src/joy_to_can_node.cpp.o] Error 1
[3.512s] make[1]: *** [CMakeFiles/Makefile2:78: CMakeFiles/joy_to_can_node.dir/all] Error 2
[3.512s] make: *** [Makefile:141: all] Error 2
[3.518s] Invoked command in '/home/lyb/Desktop/dev_ws/build/joy_to_can' returned '2': CMAKE_PREFIX_PATH=${CMAKE_PREFIX_PATH}:/opt/ros/foxy /usr/bin/cmake --build /home/lyb/Desktop/dev_ws/build/joy_to_can -- -j8 -l8
