[0.032s] Invoking command in '/home/lyb/Desktop/dev_ws/build/joy_to_can': CMAKE_PREFIX_PATH=${CMAKE_PREFIX_PATH}:/opt/ros/foxy /usr/bin/cmake --build /home/lyb/Desktop/dev_ws/build/joy_to_can -- -j8 -l8
[0.182s] [35m[1mScanning dependencies of target joy_to_can_node[0m
[0.227s] [ 33%] [32mBuilding CXX object CMakeFiles/joy_to_can_node.dir/src/joy_to_can_node.cpp.o[0m
[1.696s] [01m[K/home/lyb/Desktop/dev_ws/src/joy_to_can/src/joy_to_can_node.cpp:[m[K In member function ‘[01m[Kvoid JoyToCANNode::joy_callback(sensor_msgs::msg::Joy_<std::allocator<void> >::SharedPtr)[m[K’:
[1.696s] [01m[K/home/lyb/Desktop/dev_ws/src/joy_to_can/src/joy_to_can_node.cpp:148:9:[m[K [01;31m[Kerror: [m[K‘[01m[KhandleButtonPress[m[K’ was not declared in this scope
[1.696s]   148 |         [01;31m[KhandleButtonPress[m[K(msg->buttons);
[1.696s]       |         [01;31m[K^~~~~~~~~~~~~~~~~[m[K
[1.700s] [01m[K/home/lyb/Desktop/dev_ws/src/joy_to_can/src/joy_to_can_node.cpp:152:9:[m[K [01;31m[Kerror: [m[K‘[01m[KhandleAxesMovement[m[K’ was not declared in this scope
[1.700s]   152 |         [01;31m[KhandleAxesMovement[m[K(msg->axes[1]);
[1.700s]       |         [01;31m[K^~~~~~~~~~~~~~~~~~[m[K
[1.700s] [01m[K/home/lyb/Desktop/dev_ws/src/joy_to_can/src/joy_to_can_node.cpp:[m[K At global scope:
[1.700s] [01m[K/home/lyb/Desktop/dev_ws/src/joy_to_can/src/joy_to_can_node.cpp:156:6:[m[K [01;31m[Kerror: [m[Kno declaration matches ‘[01m[Kvoid JoyToCANNode::handleButtonPress(const std::vector<int>&)[m[K’
[1.700s]   156 | void [01;31m[KJoyToCANNode[m[K::handleButtonPress(const std::vector<int>& buttons) {
[1.701s]       |      [01;31m[K^~~~~~~~~~~~[m[K
[1.701s] [01m[K/home/lyb/Desktop/dev_ws/src/joy_to_can/src/joy_to_can_node.cpp:156:6:[m[K [01;36m[Knote: [m[Kno functions named ‘[01m[Kvoid JoyToCANNode::handleButtonPress(const std::vector<int>&)[m[K’
[1.701s] In file included from [01m[K/home/lyb/Desktop/dev_ws/src/joy_to_can/src/joy_to_can_node.cpp:1[m[K:
[1.701s] [01m[K/home/lyb/Desktop/dev_ws/src/joy_to_can/include/joy_to_can/joy_to_can_node.hpp:11:7:[m[K [01;36m[Knote: [m[K‘[01m[Kclass JoyToCANNode[m[K’ defined here
[1.701s]    11 | class [01;36m[KJoyToCANNode[m[K : public rclcpp::Node {
[1.701s]       |       [01;36m[K^~~~~~~~~~~~[m[K
[1.701s] [01m[K/home/lyb/Desktop/dev_ws/src/joy_to_can/src/joy_to_can_node.cpp:182:6:[m[K [01;31m[Kerror: [m[Kno declaration matches ‘[01m[Kvoid JoyToCANNode::handleAxesMovement(float)[m[K’
[1.701s]   182 | void [01;31m[KJoyToCANNode[m[K::handleAxesMovement(float axisValue) {
[1.701s]       |      [01;31m[K^~~~~~~~~~~~[m[K
[1.701s] [01m[K/home/lyb/Desktop/dev_ws/src/joy_to_can/src/joy_to_can_node.cpp:182:6:[m[K [01;36m[Knote: [m[Kno functions named ‘[01m[Kvoid JoyToCANNode::handleAxesMovement(float)[m[K’
[1.701s] In file included from [01m[K/home/lyb/Desktop/dev_ws/src/joy_to_can/src/joy_to_can_node.cpp:1[m[K:
[1.701s] [01m[K/home/lyb/Desktop/dev_ws/src/joy_to_can/include/joy_to_can/joy_to_can_node.hpp:11:7:[m[K [01;36m[Knote: [m[K‘[01m[Kclass JoyToCANNode[m[K’ defined here
[1.701s]    11 | class [01;36m[KJoyToCANNode[m[K : public rclcpp::Node {
[1.701s]       |       [01;36m[K^~~~~~~~~~~~[m[K
[3.220s] make[2]: *** [CMakeFiles/joy_to_can_node.dir/build.make:63: CMakeFiles/joy_to_can_node.dir/src/joy_to_can_node.cpp.o] Error 1
[3.221s] make[1]: *** [CMakeFiles/Makefile2:78: CMakeFiles/joy_to_can_node.dir/all] Error 2
[3.221s] make: *** [Makefile:141: all] Error 2
[3.225s] Invoked command in '/home/lyb/Desktop/dev_ws/build/joy_to_can' returned '2': CMAKE_PREFIX_PATH=${CMAKE_PREFIX_PATH}:/opt/ros/foxy /usr/bin/cmake --build /home/lyb/Desktop/dev_ws/build/joy_to_can -- -j8 -l8
