[0.023s] Invoking command in '/home/lyb/Desktop/dev_ws/build/joy_to_can': CMAKE_PREFIX_PATH=${CMAKE_PREFIX_PATH}:/opt/ros/foxy /usr/bin/cmake --build /home/lyb/Desktop/dev_ws/build/joy_to_can -- -j8 -l8
[0.069s] [35m[1mScanning dependencies of target joy_to_can_node[0m
[0.103s] [ 33%] [32mBuilding CXX object CMakeFiles/joy_to_can_node.dir/src/joy_to_can_node.cpp.o[0m
[1.073s] [01m[K/home/lyb/Desktop/dev_ws/src/joy_to_can/src/joy_to_can_node.cpp:[m[K In member function ‘[01m[Kvoid JoyToCANNode::setMotorPosition(uint8_t, float)[m[K’:
[1.073s] [01m[K/home/lyb/Desktop/dev_ws/src/joy_to_can/src/joy_to_can_node.cpp:85:45:[m[K [01;35m[Kwarning: [m[Kunused parameter ‘[01m[Kmotor_id[m[K’ [[01;35m[K-Wunused-parameter[m[K]
[1.073s]    85 | void JoyToCANNode::setMotorPosition([01;35m[Kuint8_t motor_id[m[K, float position) {
[1.073s]       |                                     [01;35m[K~~~~~~~~^~~~~~~~[m[K
[1.073s] [01m[K/home/lyb/Desktop/dev_ws/src/joy_to_can/src/joy_to_can_node.cpp:[m[K In member function ‘[01m[Kvoid JoyToCANNode::setMotorParameter(uint8_t, uint16_t, float)[m[K’:
[1.073s] [01m[K/home/lyb/Desktop/dev_ws/src/joy_to_can/src/joy_to_can_node.cpp:104:46:[m[K [01;35m[Kwarning: [m[Kunused parameter ‘[01m[Kmotor_id[m[K’ [[01;35m[K-Wunused-parameter[m[K]
[1.073s]   104 | void JoyToCANNode::setMotorParameter([01;35m[Kuint8_t motor_id[m[K, uint16_t index, float value) {
[1.073s]       |                                      [01;35m[K~~~~~~~~^~~~~~~~[m[K
[3.637s] [ 66%] [32m[1mLinking CXX executable joy_to_can_node[0m
[3.819s] /usr/bin/ld: CMakeFiles/joy_to_can_node.dir/src/joy_to_can_node.cpp.o: in function `JoyToCANNode::joy_callback(std::shared_ptr<sensor_msgs::msg::Joy_<std::allocator<void> > >)':
[3.819s] joy_to_can_node.cpp:(.text+0x126a): undefined reference to `JoyToCANNode::setMotorMode(unsigned char, unsigned short, unsigned char)'
[3.820s] /usr/bin/ld: joy_to_can_node.cpp:(.text+0x12d8): undefined reference to `JoyToCANNode::setMotorMode(unsigned char, unsigned short, unsigned char)'
[3.820s] collect2: error: ld returned 1 exit status
[3.823s] make[2]: *** [CMakeFiles/joy_to_can_node.dir/build.make:156: joy_to_can_node] Error 1
[3.823s] make[1]: *** [CMakeFiles/Makefile2:78: CMakeFiles/joy_to_can_node.dir/all] Error 2
[3.823s] make: *** [Makefile:141: all] Error 2
[3.828s] Invoked command in '/home/lyb/Desktop/dev_ws/build/joy_to_can' returned '2': CMAKE_PREFIX_PATH=${CMAKE_PREFIX_PATH}:/opt/ros/foxy /usr/bin/cmake --build /home/lyb/Desktop/dev_ws/build/joy_to_can -- -j8 -l8
