-- Found ament_cmake: 0.9.12 (/opt/ros/foxy/share/ament_cmake/cmake)
-- Using PYTHON_EXECUTABLE: /usr/bin/python3
-- Override CMake install command with custom implementation using symlinks instead of copying resources
-- Found rclcpp: 2.4.3 (/opt/ros/foxy/share/rclcpp/cmake)
-- Using all available rosidl_typesupport_c: rosidl_typesupport_fastrtps_c;rosidl_typesupport_introspection_c
-- Found rosidl_adapter: 1.3.1 (/opt/ros/foxy/share/rosidl_adapter/cmake)
-- Using all available rosidl_typesupport_cpp: rosidl_typesupport_fastrtps_cpp;rosidl_typesupport_introspection_cpp
-- Found rmw_implementation_cmake: 1.0.4 (/opt/ros/foxy/share/rmw_implementation_cmake/cmake)
-- Using RMW implementation 'rmw_fastrtps_cpp' as default
-- Found geometry_msgs: 2.0.5 (/opt/ros/foxy/share/geometry_msgs/cmake)
-- Found sensor_msgs: 2.0.5 (/opt/ros/foxy/share/sensor_msgs/cmake)
-- Found std_srvs: 2.0.5 (/opt/ros/foxy/share/std_srvs/cmake)
-- Found rclcpp_components: 2.4.3 (/opt/ros/foxy/share/rclcpp_components/cmake)
-- Found ament_lint_auto: 0.9.8 (/opt/ros/foxy/share/ament_lint_auto/cmake)
-- Added test 'cppcheck' to perform static code analysis on C / C++ code
-- Configured cppcheck include dirs: $<BUILD_INTERFACE:/home/lyb/Desktop/dev_ws/src/ps_controller/include>
-- Configured cppcheck exclude dirs and/or files: 
-- Added test 'flake8' to check Python code syntax and style conventions
-- Added test 'lint_cmake' to check CMake code style
-- Added test 'pep257' to check Python code against some of the style conventions in PEP 257
-- Added test 'uncrustify' to check C / C++ code style
-- Configured uncrustify additional arguments: 
-- Added test 'xmllint' to check XML markup files
-- Configuring done
-- Generating done
-- Build files have been written to: /home/lyb/Desktop/dev_ws/build/ps_controller
[ 50%] Built target joy_control
-- Install configuration: ""
-- Execute custom install script
-- Up-to-date symlink: /home/lyb/Desktop/dev_ws/install/ps_controller/lib/ps_controller/joy_control
-- Up-to-date symlink: /home/lyb/Desktop/dev_ws/install/ps_controller/share/ament_index/resource_index/package_run_dependencies/ps_controller
-- Up-to-date symlink: /home/lyb/Desktop/dev_ws/install/ps_controller/share/ament_index/resource_index/parent_prefix_path/ps_controller
-- Up-to-date symlink: /home/lyb/Desktop/dev_ws/install/ps_controller/share/ps_controller/environment/ament_prefix_path.sh
-- Up-to-date symlink: /home/lyb/Desktop/dev_ws/install/ps_controller/share/ps_controller/environment/ament_prefix_path.dsv
-- Up-to-date symlink: /home/lyb/Desktop/dev_ws/install/ps_controller/share/ps_controller/environment/path.sh
-- Up-to-date symlink: /home/lyb/Desktop/dev_ws/install/ps_controller/share/ps_controller/environment/path.dsv
-- Up-to-date symlink: /home/lyb/Desktop/dev_ws/install/ps_controller/share/ps_controller/local_setup.bash
-- Up-to-date symlink: /home/lyb/Desktop/dev_ws/install/ps_controller/share/ps_controller/local_setup.sh
-- Up-to-date symlink: /home/lyb/Desktop/dev_ws/install/ps_controller/share/ps_controller/local_setup.zsh
-- Up-to-date symlink: /home/lyb/Desktop/dev_ws/install/ps_controller/share/ps_controller/local_setup.dsv
-- Symlinking: /home/lyb/Desktop/dev_ws/install/ps_controller/share/ps_controller/package.dsv
-- Up-to-date symlink: /home/lyb/Desktop/dev_ws/install/ps_controller/share/ament_index/resource_index/packages/ps_controller
-- Up-to-date symlink: /home/lyb/Desktop/dev_ws/install/ps_controller/share/ps_controller/cmake/ps_controllerConfig.cmake
-- Up-to-date symlink: /home/lyb/Desktop/dev_ws/install/ps_controller/share/ps_controller/cmake/ps_controllerConfig-version.cmake
-- Up-to-date symlink: /home/lyb/Desktop/dev_ws/install/ps_controller/share/ps_controller/package.xml
