[0.031s] Invoking command in '/home/lyb/Desktop/dev_ws/build/ps_controller': CMAKE_PREFIX_PATH=/opt/ros/foxy /usr/bin/cmake /home/lyb/Desktop/dev_ws/src/ps_controller -DCMAKE_INSTALL_PREFIX=/home/lyb/Desktop/dev_ws/install/ps_controller
[0.046s] -- Found ament_cmake: 0.9.12 (/opt/ros/foxy/share/ament_cmake/cmake)
[0.064s] -- Using PYTHON_EXECUTABLE: /usr/bin/python3
[0.209s] -- Override CMake install command with custom implementation using symlinks instead of copying resources
[0.216s] -- Found rclcpp: 2.4.3 (/opt/ros/foxy/share/rclcpp/cmake)
[0.241s] -- Using all available rosidl_typesupport_c: rosidl_typesupport_fastrtps_c;rosidl_typesupport_introspection_c
[0.245s] -- Found rosidl_adapter: 1.3.1 (/opt/ros/foxy/share/rosidl_adapter/cmake)
[0.361s] -- Using all available rosidl_typesupport_cpp: rosidl_typesupport_fastrtps_cpp;rosidl_typesupport_introspection_cpp
[0.408s] -- Found rmw_implementation_cmake: 1.0.4 (/opt/ros/foxy/share/rmw_implementation_cmake/cmake)
[0.409s] -- Using RMW implementation 'rmw_fastrtps_cpp' as default
[0.515s] -- Found geometry_msgs: 2.0.5 (/opt/ros/foxy/share/geometry_msgs/cmake)
[0.539s] -- Found sensor_msgs: 2.0.5 (/opt/ros/foxy/share/sensor_msgs/cmake)
[0.589s] -- Found std_srvs: 2.0.5 (/opt/ros/foxy/share/std_srvs/cmake)
[0.596s] -- Found rclcpp_components: 2.4.3 (/opt/ros/foxy/share/rclcpp_components/cmake)
[0.644s] -- Found ament_lint_auto: 0.9.8 (/opt/ros/foxy/share/ament_lint_auto/cmake)
[0.700s] -- Added test 'cppcheck' to perform static code analysis on C / C++ code
[0.701s] -- Configured cppcheck include dirs: $<BUILD_INTERFACE:/home/lyb/Desktop/dev_ws/src/ps_controller/include>
[0.701s] -- Configured cppcheck exclude dirs and/or files: 
[0.701s] -- Added test 'flake8' to check Python code syntax and style conventions
[0.701s] -- Added test 'lint_cmake' to check CMake code style
[0.702s] -- Added test 'pep257' to check Python code against some of the style conventions in PEP 257
[0.702s] -- Added test 'uncrustify' to check C / C++ code style
[0.702s] -- Configured uncrustify additional arguments: 
[0.702s] -- Added test 'xmllint' to check XML markup files
[0.706s] -- Configuring done
[0.727s] -- Generating done
[0.729s] -- Build files have been written to: /home/lyb/Desktop/dev_ws/build/ps_controller
[0.740s] Invoked command in '/home/lyb/Desktop/dev_ws/build/ps_controller' returned '0': CMAKE_PREFIX_PATH=/opt/ros/foxy /usr/bin/cmake /home/lyb/Desktop/dev_ws/src/ps_controller -DCMAKE_INSTALL_PREFIX=/home/lyb/Desktop/dev_ws/install/ps_controller
[0.741s] Invoking command in '/home/lyb/Desktop/dev_ws/build/ps_controller': CMAKE_PREFIX_PATH=/opt/ros/foxy /usr/bin/cmake --build /home/lyb/Desktop/dev_ws/build/ps_controller -- -j8 -l8
[0.809s] [ 50%] Built target joy_control
[0.824s] Invoked command in '/home/lyb/Desktop/dev_ws/build/ps_controller' returned '0': CMAKE_PREFIX_PATH=/opt/ros/foxy /usr/bin/cmake --build /home/lyb/Desktop/dev_ws/build/ps_controller -- -j8 -l8
[0.884s] Invoking command in '/home/lyb/Desktop/dev_ws/build/ps_controller': CMAKE_PREFIX_PATH=/opt/ros/foxy /usr/bin/cmake --install /home/lyb/Desktop/dev_ws/build/ps_controller
[0.895s] -- Install configuration: ""
[0.896s] -- Execute custom install script
[0.896s] -- Up-to-date symlink: /home/lyb/Desktop/dev_ws/install/ps_controller/lib/ps_controller/joy_control
[0.896s] -- Up-to-date symlink: /home/lyb/Desktop/dev_ws/install/ps_controller/share/ament_index/resource_index/package_run_dependencies/ps_controller
[0.896s] -- Up-to-date symlink: /home/lyb/Desktop/dev_ws/install/ps_controller/share/ament_index/resource_index/parent_prefix_path/ps_controller
[0.897s] -- Up-to-date symlink: /home/lyb/Desktop/dev_ws/install/ps_controller/share/ps_controller/environment/ament_prefix_path.sh
[0.897s] -- Up-to-date symlink: /home/lyb/Desktop/dev_ws/install/ps_controller/share/ps_controller/environment/ament_prefix_path.dsv
[0.897s] -- Up-to-date symlink: /home/lyb/Desktop/dev_ws/install/ps_controller/share/ps_controller/environment/path.sh
[0.897s] -- Up-to-date symlink: /home/lyb/Desktop/dev_ws/install/ps_controller/share/ps_controller/environment/path.dsv
[0.898s] -- Up-to-date symlink: /home/lyb/Desktop/dev_ws/install/ps_controller/share/ps_controller/local_setup.bash
[0.898s] -- Up-to-date symlink: /home/lyb/Desktop/dev_ws/install/ps_controller/share/ps_controller/local_setup.sh
[0.898s] -- Up-to-date symlink: /home/lyb/Desktop/dev_ws/install/ps_controller/share/ps_controller/local_setup.zsh
[0.898s] -- Up-to-date symlink: /home/lyb/Desktop/dev_ws/install/ps_controller/share/ps_controller/local_setup.dsv
[0.899s] -- Symlinking: /home/lyb/Desktop/dev_ws/install/ps_controller/share/ps_controller/package.dsv
[0.912s] -- Up-to-date symlink: /home/lyb/Desktop/dev_ws/install/ps_controller/share/ament_index/resource_index/packages/ps_controller
[0.913s] -- Up-to-date symlink: /home/lyb/Desktop/dev_ws/install/ps_controller/share/ps_controller/cmake/ps_controllerConfig.cmake
[0.913s] -- Up-to-date symlink: /home/lyb/Desktop/dev_ws/install/ps_controller/share/ps_controller/cmake/ps_controllerConfig-version.cmake
[0.914s] -- Up-to-date symlink: /home/lyb/Desktop/dev_ws/install/ps_controller/share/ps_controller/package.xml
[0.918s] Invoked command in '/home/lyb/Desktop/dev_ws/build/ps_controller' returned '0': CMAKE_PREFIX_PATH=/opt/ros/foxy /usr/bin/cmake --install /home/lyb/Desktop/dev_ws/build/ps_controller
