[0.020s] Invoking command in '/home/lyb/Desktop/dev_ws/build/joy_to_can': CMAKE_PREFIX_PATH=/opt/ros/foxy /usr/bin/cmake --build /home/lyb/Desktop/dev_ws/build/joy_to_can -- -j8 -l8
[0.053s] -- Found ament_cmake: 0.9.12 (/opt/ros/foxy/share/ament_cmake/cmake)
[0.075s] -- Using PYTHON_EXECUTABLE: /usr/bin/python3
[0.192s] -- Found rclcpp: 2.4.3 (/opt/ros/foxy/share/rclcpp/cmake)
[0.217s] -- Using all available rosidl_typesupport_c: rosidl_typesupport_fastrtps_c;rosidl_typesupport_introspection_c
[0.219s] -- Found rosidl_adapter: 1.3.1 (/opt/ros/foxy/share/rosidl_adapter/cmake)
[0.310s] -- Using all available rosidl_typesupport_cpp: rosidl_typesupport_fastrtps_cpp;rosidl_typesupport_introspection_cpp
[0.345s] -- Found rmw_implementation_cmake: 1.0.4 (/opt/ros/foxy/share/rmw_implementation_cmake/cmake)
[0.346s] -- Using RMW implementation 'rmw_fastrtps_cpp' as default
[0.440s] -- Found sensor_msgs: 2.0.5 (/opt/ros/foxy/share/sensor_msgs/cmake)
[0.510s] CMake Error at /opt/ros/foxy/share/ament_cmake_target_dependencies/cmake/ament_target_dependencies.cmake:42 (message):
[0.510s]   ament_target_dependencies() the first argument must be a valid target name
[0.510s] Call Stack (most recent call first):
[0.510s]   CMakeLists.txt:24 (ament_target_dependencies)
[0.510s] 
[0.511s] 
[0.511s] -- Configuring incomplete, errors occurred!
[0.511s] See also "/home/lyb/Desktop/dev_ws/build/joy_to_can/CMakeFiles/CMakeOutput.log".
[0.512s] See also "/home/lyb/Desktop/dev_ws/build/joy_to_can/CMakeFiles/CMakeError.log".
[0.516s] make: *** [Makefile:266: cmake_check_build_system] Error 1
[0.519s] Invoked command in '/home/lyb/Desktop/dev_ws/build/joy_to_can' returned '2': CMAKE_PREFIX_PATH=/opt/ros/foxy /usr/bin/cmake --build /home/lyb/Desktop/dev_ws/build/joy_to_can -- -j8 -l8
